# JRE version: Java(TM) SE Runtime Environment (8.0_45-b15) (build 1.8.0_45-b15)
# Java VM: Java HotSpot(TM) 64-Bit Server VM (25.45-b02 mixed mode windows-amd64 compressed oops)
Heap:
 PSYoungGen      total 88064K, used 10219K [0x00000000f5580000, 0x00000000fcd80000, 0x0000000100000000)
  eden space 57344K, 11% used [0x00000000f5580000,0x00000000f5bcd478,0x00000000f8d80000)
  from space 30720K, 12% used [0x00000000faf80000,0x00000000fb32db70,0x00000000fcd80000)
  to   space 32768K, 0% used [0x00000000f8d80000,0x00000000f8d80000,0x00000000fad80000)
 ParOldGen       total 102912K, used 55797K [0x00000000e0000000, 0x00000000e6480000, 0x00000000f5580000)
  object space 102912K, 54% used [0x00000000e0000000,0x00000000e367d430,0x00000000e6480000)
 Metaspace       used 88848K, capacity 95690K, committed 96000K, reserved 1132544K
  class space    used 10887K, capacity 13013K, committed 13056K, reserved 1048576K
GC Heap History (10 events):
Event: 676.806 GC heap before
{Heap before GC invocations=33 (full 5):
 PSYoungGen      total 103424K, used 66350K [0x00000000f5580000, 0x00000000fe180000, 0x0000000100000000)
  eden space 63488K, 100% used [0x00000000f5580000,0x00000000f9380000,0x00000000f9380000)
  from space 39936K, 7% used [0x00000000f9380000,0x00000000f964bbb8,0x00000000fba80000)
  to   space 39424K, 0% used [0x00000000fbb00000,0x00000000fbb00000,0x00000000fe180000)
 ParOldGen       total 102912K, used 55757K [0x00000000e0000000, 0x00000000e6480000, 0x00000000f5580000)
  object space 102912K, 54% used [0x00000000e0000000,0x00000000e3673430,0x00000000e6480000)
 Metaspace       used 86378K, capacity 93460K, committed 93696K, reserved 1130496K
  class space    used 10582K, capacity 12741K, committed 12800K, reserved 1048576K
Event: 676.817 GC heap after
Heap after GC invocations=33 (full 5):
 PSYoungGen      total 95744K, used 5689K [0x00000000f5580000, 0x00000000fdc00000, 0x0000000100000000)
  eden space 61952K, 0% used [0x00000000f5580000,0x00000000f5580000,0x00000000f9200000)
  from space 33792K, 16% used [0x00000000fbb00000,0x00000000fc08e790,0x00000000fdc00000)
  to   space 37888K, 0% used [0x00000000f9200000,0x00000000f9200000,0x00000000fb700000)
 ParOldGen       total 102912K, used 55765K [0x00000000e0000000, 0x00000000e6480000, 0x00000000f5580000)
  object space 102912K, 54% used [0x00000000e0000000,0x00000000e3675430,0x00000000e6480000)
 Metaspace       used 86378K, capacity 93460K, committed 93696K, reserved 1130496K
  class space    used 10582K, capacity 12741K, committed 12800K, reserved 1048576K
}
Event: 720.015 GC heap before
{Heap before GC invocations=34 (full 5):
 PSYoungGen      total 95744K, used 67641K [0x00000000f5580000, 0x00000000fdc00000, 0x0000000100000000)
  eden space 61952K, 100% used [0x00000000f5580000,0x00000000f9200000,0x00000000f9200000)
  from space 33792K, 16% used [0x00000000fbb00000,0x00000000fc08e790,0x00000000fdc00000)
  to   space 37888K, 0% used [0x00000000f9200000,0x00000000f9200000,0x00000000fb700000)
 ParOldGen       total 102912K, used 55765K [0x00000000e0000000, 0x00000000e6480000, 0x00000000f5580000)
  object space 102912K, 54% used [0x00000000e0000000,0x00000000e3675430,0x00000000e6480000)
 Metaspace       used 87172K, capacity 94164K, committed 94336K, reserved 1130496K
  class space    used 10732K, capacity 12869K, committed 12928K, reserved 1048576K
Event: 720.026 GC heap after
Heap after GC invocations=34 (full 5):
 PSYoungGen      total 67072K, used 6450K [0x00000000f5580000, 0x00000000fd780000, 0x0000000100000000)
  eden space 60416K, 0% used [0x00000000f5580000,0x00000000f5580000,0x00000000f9080000)
  from space 6656K, 96% used [0x00000000f9200000,0x00000000f984c978,0x00000000f9880000)
  to   space 36352K, 0% used [0x00000000fb400000,0x00000000fb400000,0x00000000fd780000)
 ParOldGen       total 102912K, used 55773K [0x00000000e0000000, 0x00000000e6480000, 0x00000000f5580000)
  object space 102912K, 54% used [0x00000000e0000000,0x00000000e3677430,0x00000000e6480000)
 Metaspace       used 87172K, capacity 94164K, committed 94336K, reserved 1130496K
  class space    used 10732K, capacity 12869K, committed 12928K, reserved 1048576K
}
Event: 753.259 GC heap before
{Heap before GC invocations=35 (full 5):
 PSYoungGen      total 67072K, used 66866K [0x00000000f5580000, 0x00000000fd780000, 0x0000000100000000)
  eden space 60416K, 100% used [0x00000000f5580000,0x00000000f9080000,0x00000000f9080000)
  from space 6656K, 96% used [0x00000000f9200000,0x00000000f984c978,0x00000000f9880000)
  to   space 36352K, 0% used [0x00000000fb400000,0x00000000fb400000,0x00000000fd780000)
 ParOldGen       total 102912K, used 55773K [0x00000000e0000000, 0x00000000e6480000, 0x00000000f5580000)
  object space 102912K, 54% used [0x00000000e0000000,0x00000000e3677430,0x00000000e6480000)
 Metaspace       used 87852K, capacity 94874K, committed 95232K, reserved 1132544K
  class space    used 10802K, capacity 12935K, committed 13056K, reserved 1048576K
Event: 753.270 GC heap after
Heap after GC invocations=35 (full 5):
 PSYoungGen      total 92672K, used 5152K [0x00000000f5580000, 0x00000000fd480000, 0x0000000100000000)
  eden space 59392K, 0% used [0x00000000f5580000,0x00000000f5580000,0x00000000f8f80000)
  from space 33280K, 15% used [0x00000000fb400000,0x00000000fb908148,0x00000000fd480000)
  to   space 35328K, 0% used [0x00000000f8f80000,0x00000000f8f80000,0x00000000fb200000)
 ParOldGen       total 102912K, used 55781K [0x00000000e0000000, 0x00000000e6480000, 0x00000000f5580000)
  object space 102912K, 54% used [0x00000000e0000000,0x00000000e3679430,0x00000000e6480000)
 Metaspace       used 87852K, capacity 94874K, committed 95232K, reserved 1132544K
  class space    used 10802K, capacity 12935K, committed 13056K, reserved 1048576K
}
Event: 761.069 GC heap before
{Heap before GC invocations=36 (full 5):
 PSYoungGen      total 92672K, used 64544K [0x00000000f5580000, 0x00000000fd480000, 0x0000000100000000)
  eden space 59392K, 100% used [0x00000000f5580000,0x00000000f8f80000,0x00000000f8f80000)
  from space 33280K, 15% used [0x00000000fb400000,0x00000000fb908148,0x00000000fd480000)
  to   space 35328K, 0% used [0x00000000f8f80000,0x00000000f8f80000,0x00000000fb200000)
 ParOldGen       total 102912K, used 55781K [0x00000000e0000000, 0x00000000e6480000, 0x00000000f5580000)
  object space 102912K, 54% used [0x00000000e0000000,0x00000000e3679430,0x00000000e6480000)
 Metaspace       used 88134K, capacity 95322K, committed 95488K, reserved 1132544K
  class space    used 10819K, capacity 12979K, committed 13056K, reserved 1048576K
Event: 761.080 GC heap after
Heap after GC invocations=36 (full 5):
 PSYoungGen      total 65024K, used 6484K [0x00000000f5580000, 0x00000000fd080000, 0x0000000100000000)
  eden space 58368K, 0% used [0x00000000f5580000,0x00000000f5580000,0x00000000f8e80000)
  from space 6656K, 97% used [0x00000000f8f80000,0x00000000f95d50c8,0x00000000f9600000)
  to   space 33792K, 0% used [0x00000000faf80000,0x00000000faf80000,0x00000000fd080000)
 ParOldGen       total 102912K, used 55789K [0x00000000e0000000, 0x00000000e6480000, 0x00000000f5580000)
  object space 102912K, 54% used [0x00000000e0000000,0x00000000e367b430,0x00000000e6480000)
 Metaspace       used 88134K, capacity 95322K, committed 95488K, reserved 1132544K
  class space    used 10819K, capacity 12979K, committed 13056K, reserved 1048576K
}
Event: 917.814 GC heap before
{Heap before GC invocations=37 (full 5):
 PSYoungGen      total 65024K, used 64852K [0x00000000f5580000, 0x00000000fd080000, 0x0000000100000000)
  eden space 58368K, 100% used [0x00000000f5580000,0x00000000f8e80000,0x00000000f8e80000)
  from space 6656K, 97% used [0x00000000f8f80000,0x00000000f95d50c8,0x00000000f9600000)
  to   space 33792K, 0% used [0x00000000faf80000,0x00000000faf80000,0x00000000fd080000)
 ParOldGen       total 102912K, used 55789K [0x00000000e0000000, 0x00000000e6480000, 0x00000000f5580000)
  object space 102912K, 54% used [0x00000000e0000000,0x00000000e367b430,0x00000000e6480000)
 Metaspace       used 88571K, capacity 95562K, committed 95744K, reserved 1132544K
  class space    used 10859K, capacity 13013K, committed 13056K, reserved 1048576K
Event: 917.825 GC heap after
Heap after GC invocations=37 (full 5):
 PSYoungGen      total 88064K, used 3766K [0x00000000f5580000, 0x00000000fcd80000, 0x0000000100000000)
  eden space 57344K, 0% used [0x00000000f5580000,0x00000000f5580000,0x00000000f8d80000)
  from space 30720K, 12% used [0x00000000faf80000,0x00000000fb32db70,0x00000000fcd80000)
  to   space 32768K, 0% used [0x00000000f8d80000,0x00000000f8d80000,0x00000000fad80000)
 ParOldGen       total 102912K, used 55797K [0x00000000e0000000, 0x00000000e6480000, 0x00000000f5580000)
  object space 102912K, 54% used [0x00000000e0000000,0x00000000e367d430,0x00000000e6480000)
 Metaspace       used 88571K, capacity 95562K, committed 95744K, reserved 1132544K
  class space    used 10859K, capacity 13013K, committed 13056K, reserved 1048576K
}

