# JRE version: Java(TM) SE Runtime Environment (8.0_45-b15) (build 1.8.0_45-b15)
# Java VM: Java HotSpot(TM) 64-Bit Server VM (25.45-b02 mixed mode windows-amd64 compressed oops)
Heap:
 PSYoungGen      total 71168K, used 40283K [0x00000000f5580000, 0x00000000fa180000, 0x0000000100000000)
  eden space 66048K, 60% used [0x00000000f5580000,0x00000000f7cd6e30,0x00000000f9600000)
  from space 5120K, 0% used [0x00000000f9600000,0x00000000f9600000,0x00000000f9b00000)
  to   space 5632K, 0% used [0x00000000f9c00000,0x00000000f9c00000,0x00000000fa180000)
 ParOldGen       total 117248K, used 46542K [0x00000000e0000000, 0x00000000e7280000, 0x00000000f5580000)
  object space 117248K, 39% used [0x00000000e0000000,0x00000000e2d739b0,0x00000000e7280000)
 Metaspace       used 91393K, capacity 98018K, committed 98304K, reserved 1134592K
  class space    used 10871K, capacity 12991K, committed 13056K, reserved 1048576K
GC Heap History (10 events):
Event: 4630.464 GC heap before
{Heap before GC invocations=153 (full 49):
 PSYoungGen      total 70144K, used 66820K [0x00000000f5580000, 0x00000000f9e00000, 0x0000000100000000)
  eden space 65536K, 100% used [0x00000000f5580000,0x00000000f9580000,0x00000000f9580000)
  from space 4608K, 27% used [0x00000000f9580000,0x00000000f96c10c0,0x00000000f9a00000)
  to   space 4096K, 0% used [0x00000000f9a00000,0x00000000f9a00000,0x00000000f9e00000)
 ParOldGen       total 117248K, used 45928K [0x00000000e0000000, 0x00000000e7280000, 0x00000000f5580000)
  object space 117248K, 39% used [0x00000000e0000000,0x00000000e2cda3d0,0x00000000e7280000)
 Metaspace       used 90601K, capacity 97304K, committed 97536K, reserved 1134592K
  class space    used 10802K, capacity 12952K, committed 13056K, reserved 1048576K
Event: 4630.469 GC heap after
Heap after GC invocations=153 (full 49):
 PSYoungGen      total 70144K, used 1156K [0x00000000f5580000, 0x00000000f9e00000, 0x0000000100000000)
  eden space 66048K, 0% used [0x00000000f5580000,0x00000000f5580000,0x00000000f9600000)
  from space 4096K, 28% used [0x00000000f9a00000,0x00000000f9b210d0,0x00000000f9e00000)
  to   space 4096K, 0% used [0x00000000f9600000,0x00000000f9600000,0x00000000f9a00000)
 ParOldGen       total 117248K, used 45936K [0x00000000e0000000, 0x00000000e7280000, 0x00000000f5580000)
  object space 117248K, 39% used [0x00000000e0000000,0x00000000e2cdc3d0,0x00000000e7280000)
 Metaspace       used 90601K, capacity 97304K, committed 97536K, reserved 1134592K
  class space    used 10802K, capacity 12952K, committed 13056K, reserved 1048576K
}
Event: 4646.304 GC heap before
{Heap before GC invocations=154 (full 49):
 PSYoungGen      total 70144K, used 67204K [0x00000000f5580000, 0x00000000f9e00000, 0x0000000100000000)
  eden space 66048K, 100% used [0x00000000f5580000,0x00000000f9600000,0x00000000f9600000)
  from space 4096K, 28% used [0x00000000f9a00000,0x00000000f9b210d0,0x00000000f9e00000)
  to   space 4096K, 0% used [0x00000000f9600000,0x00000000f9600000,0x00000000f9a00000)
 ParOldGen       total 117248K, used 45936K [0x00000000e0000000, 0x00000000e7280000, 0x00000000f5580000)
  object space 117248K, 39% used [0x00000000e0000000,0x00000000e2cdc3d0,0x00000000e7280000)
 Metaspace       used 90665K, capacity 97374K, committed 97792K, reserved 1134592K
  class space    used 10803K, capacity 12953K, committed 13056K, reserved 1048576K
Event: 4646.314 GC heap after
Heap after GC invocations=154 (full 49):
 PSYoungGen      total 70144K, used 3654K [0x00000000f5580000, 0x00000000f9f80000, 0x0000000100000000)
  eden space 66048K, 0% used [0x00000000f5580000,0x00000000f5580000,0x00000000f9600000)
  from space 4096K, 89% used [0x00000000f9600000,0x00000000f99919d8,0x00000000f9a00000)
  to   space 4608K, 0% used [0x00000000f9b00000,0x00000000f9b00000,0x00000000f9f80000)
 ParOldGen       total 117248K, used 45936K [0x00000000e0000000, 0x00000000e7280000, 0x00000000f5580000)
  object space 117248K, 39% used [0x00000000e0000000,0x00000000e2cdc3d0,0x00000000e7280000)
 Metaspace       used 90665K, capacity 97374K, committed 97792K, reserved 1134592K
  class space    used 10803K, capacity 12953K, committed 13056K, reserved 1048576K
}
Event: 4662.781 GC heap before
{Heap before GC invocations=155 (full 49):
 PSYoungGen      total 70144K, used 69702K [0x00000000f5580000, 0x00000000f9f80000, 0x0000000100000000)
  eden space 66048K, 100% used [0x00000000f5580000,0x00000000f9600000,0x00000000f9600000)
  from space 4096K, 89% used [0x00000000f9600000,0x00000000f99919d8,0x00000000f9a00000)
  to   space 4608K, 0% used [0x00000000f9b00000,0x00000000f9b00000,0x00000000f9f80000)
 ParOldGen       total 117248K, used 45936K [0x00000000e0000000, 0x00000000e7280000, 0x00000000f5580000)
  object space 117248K, 39% used [0x00000000e0000000,0x00000000e2cdc3d0,0x00000000e7280000)
 Metaspace       used 90745K, capacity 97508K, committed 97792K, reserved 1134592K
  class space    used 10804K, capacity 12954K, committed 13056K, reserved 1048576K
Event: 4662.790 GC heap after
Heap after GC invocations=155 (full 49):
 PSYoungGen      total 70656K, used 3465K [0x00000000f5580000, 0x00000000fa080000, 0x0000000100000000)
  eden space 66048K, 0% used [0x00000000f5580000,0x00000000f5580000,0x00000000f9600000)
  from space 4608K, 75% used [0x00000000f9b00000,0x00000000f9e627f8,0x00000000f9f80000)
  to   space 5120K, 0% used [0x00000000f9600000,0x00000000f9600000,0x00000000f9b00000)
 ParOldGen       total 117248K, used 45944K [0x00000000e0000000, 0x00000000e7280000, 0x00000000f5580000)
  object space 117248K, 39% used [0x00000000e0000000,0x00000000e2cde3d0,0x00000000e7280000)
 Metaspace       used 90745K, capacity 97508K, committed 97792K, reserved 1134592K
  class space    used 10804K, capacity 12954K, committed 13056K, reserved 1048576K
}
Event: 4712.804 GC heap before
{Heap before GC invocations=156 (full 49):
 PSYoungGen      total 70656K, used 28197K [0x00000000f5580000, 0x00000000fa080000, 0x0000000100000000)
  eden space 66048K, 37% used [0x00000000f5580000,0x00000000f6da6d10,0x00000000f9600000)
  from space 4608K, 75% used [0x00000000f9b00000,0x00000000f9e627f8,0x00000000f9f80000)
  to   space 5120K, 0% used [0x00000000f9600000,0x00000000f9600000,0x00000000f9b00000)
 ParOldGen       total 117248K, used 45944K [0x00000000e0000000, 0x00000000e7280000, 0x00000000f5580000)
  object space 117248K, 39% used [0x00000000e0000000,0x00000000e2cde3d0,0x00000000e7280000)
 Metaspace       used 90788K, capacity 97520K, committed 97792K, reserved 1134592K
  class space    used 10805K, capacity 12956K, committed 13056K, reserved 1048576K
Event: 4712.824 GC heap after
Heap after GC invocations=156 (full 49):
 PSYoungGen      total 71168K, used 3719K [0x00000000f5580000, 0x00000000fa180000, 0x0000000100000000)
  eden space 66048K, 0% used [0x00000000f5580000,0x00000000f5580000,0x00000000f9600000)
  from space 5120K, 72% used [0x00000000f9600000,0x00000000f99a1c00,0x00000000f9b00000)
  to   space 5632K, 0% used [0x00000000f9c00000,0x00000000f9c00000,0x00000000fa180000)
 ParOldGen       total 117248K, used 45944K [0x00000000e0000000, 0x00000000e7280000, 0x00000000f5580000)
  object space 117248K, 39% used [0x00000000e0000000,0x00000000e2cde3d0,0x00000000e7280000)
 Metaspace       used 90788K, capacity 97520K, committed 97792K, reserved 1134592K
  class space    used 10805K, capacity 12956K, committed 13056K, reserved 1048576K
}
Event: 4712.824 GC heap before
{Heap before GC invocations=157 (full 50):
 PSYoungGen      total 71168K, used 3719K [0x00000000f5580000, 0x00000000fa180000, 0x0000000100000000)
  eden space 66048K, 0% used [0x00000000f5580000,0x00000000f5580000,0x00000000f9600000)
  from space 5120K, 72% used [0x00000000f9600000,0x00000000f99a1c00,0x00000000f9b00000)
  to   space 5632K, 0% used [0x00000000f9c00000,0x00000000f9c00000,0x00000000fa180000)
 ParOldGen       total 117248K, used 45944K [0x00000000e0000000, 0x00000000e7280000, 0x00000000f5580000)
  object space 117248K, 39% used [0x00000000e0000000,0x00000000e2cde3d0,0x00000000e7280000)
 Metaspace       used 90788K, capacity 97520K, committed 97792K, reserved 1134592K
  class space    used 10805K, capacity 12956K, committed 13056K, reserved 1048576K
Event: 4713.174 GC heap after
Heap after GC invocations=157 (full 50):
 PSYoungGen      total 71168K, used 0K [0x00000000f5580000, 0x00000000fa180000, 0x0000000100000000)
  eden space 66048K, 0% used [0x00000000f5580000,0x00000000f5580000,0x00000000f9600000)
  from space 5120K, 0% used [0x00000000f9600000,0x00000000f9600000,0x00000000f9b00000)
  to   space 5632K, 0% used [0x00000000f9c00000,0x00000000f9c00000,0x00000000fa180000)
 ParOldGen       total 117248K, used 46542K [0x00000000e0000000, 0x00000000e7280000, 0x00000000f5580000)
  object space 117248K, 39% used [0x00000000e0000000,0x00000000e2d739b0,0x00000000e7280000)
 Metaspace       used 90788K, capacity 97520K, committed 97792K, reserved 1134592K
  class space    used 10805K, capacity 12956K, committed 13056K, reserved 1048576K
}

