# JRE version: Java(TM) SE Runtime Environment (8.0_45-b15) (build 1.8.0_45-b15)
# Java VM: Java HotSpot(TM) 64-Bit Server VM (25.45-b02 mixed mode windows-amd64 compressed oops)
Heap:
 PSYoungGen      total 108032K, used 33183K [0x00000000f5580000, 0x00000000fc380000, 0x0000000100000000)
  eden space 107520K, 30% used [0x00000000f5580000,0x00000000f75e7f48,0x00000000fbe80000)
  from space 512K, 0% used [0x00000000fbe80000,0x00000000fbe80000,0x00000000fbf00000)
  to   space 2560K, 0% used [0x00000000fc100000,0x00000000fc100000,0x00000000fc380000)
 ParOldGen       total 89088K, used 44730K [0x00000000e0000000, 0x00000000e5700000, 0x00000000f5580000)
  object space 89088K, 50% used [0x00000000e0000000,0x00000000e2baebb8,0x00000000e5700000)
 Metaspace       used 89112K, capacity 95962K, committed 96384K, reserved 1132544K
  class space    used 10871K, capacity 13067K, committed 13184K, reserved 1048576K
GC Heap History (10 events):
Event: 2999.618 GC heap before
{Heap before GC invocations=117 (full 50):
 PSYoungGen      total 109568K, used 2041K [0x00000000f5580000, 0x00000000fc480000, 0x0000000100000000)
  eden space 107520K, 0% used [0x00000000f5580000,0x00000000f5580000,0x00000000fbe80000)
  from space 2048K, 99% used [0x00000000fbe80000,0x00000000fc07e498,0x00000000fc080000)
  to   space 3072K, 0% used [0x00000000fc180000,0x00000000fc180000,0x00000000fc480000)
 ParOldGen       total 89088K, used 45142K [0x00000000e0000000, 0x00000000e5700000, 0x00000000f5580000)
  object space 89088K, 50% used [0x00000000e0000000,0x00000000e2c15b80,0x00000000e5700000)
 Metaspace       used 88307K, capacity 95216K, committed 95616K, reserved 1132544K
  class space    used 10779K, capacity 12842K, committed 12928K, reserved 1048576K
Event: 3000.030 GC heap after
Heap after GC invocations=117 (full 50):
 PSYoungGen      total 109568K, used 0K [0x00000000f5580000, 0x00000000fc480000, 0x0000000100000000)
  eden space 107520K, 0% used [0x00000000f5580000,0x00000000f5580000,0x00000000fbe80000)
  from space 2048K, 0% used [0x00000000fbe80000,0x00000000fbe80000,0x00000000fc080000)
  to   space 3072K, 0% used [0x00000000fc180000,0x00000000fc180000,0x00000000fc480000)
 ParOldGen       total 89088K, used 45147K [0x00000000e0000000, 0x00000000e5700000, 0x00000000f5580000)
  object space 89088K, 50% used [0x00000000e0000000,0x00000000e2c16fd0,0x00000000e5700000)
 Metaspace       used 88307K, capacity 95216K, committed 95616K, reserved 1132544K
  class space    used 10779K, capacity 12842K, committed 12928K, reserved 1048576K
}
Event: 3059.611 GC heap before
{Heap before GC invocations=118 (full 50):
 PSYoungGen      total 109568K, used 10061K [0x00000000f5580000, 0x00000000fc480000, 0x0000000100000000)
  eden space 107520K, 9% used [0x00000000f5580000,0x00000000f5f53788,0x00000000fbe80000)
  from space 2048K, 0% used [0x00000000fbe80000,0x00000000fbe80000,0x00000000fc080000)
  to   space 3072K, 0% used [0x00000000fc180000,0x00000000fc180000,0x00000000fc480000)
 ParOldGen       total 89088K, used 45147K [0x00000000e0000000, 0x00000000e5700000, 0x00000000f5580000)
  object space 89088K, 50% used [0x00000000e0000000,0x00000000e2c16fd0,0x00000000e5700000)
 Metaspace       used 88318K, capacity 95216K, committed 95616K, reserved 1132544K
  class space    used 10780K, capacity 12842K, committed 12928K, reserved 1048576K
Event: 3059.620 GC heap after
Heap after GC invocations=118 (full 50):
 PSYoungGen      total 110592K, used 480K [0x00000000f5580000, 0x00000000fc480000, 0x0000000100000000)
  eden space 107520K, 0% used [0x00000000f5580000,0x00000000f5580000,0x00000000fbe80000)
  from space 3072K, 15% used [0x00000000fc180000,0x00000000fc1f8000,0x00000000fc480000)
  to   space 3072K, 0% used [0x00000000fbe80000,0x00000000fbe80000,0x00000000fc180000)
 ParOldGen       total 89088K, used 45155K [0x00000000e0000000, 0x00000000e5700000, 0x00000000f5580000)
  object space 89088K, 50% used [0x00000000e0000000,0x00000000e2c18fd0,0x00000000e5700000)
 Metaspace       used 88318K, capacity 95216K, committed 95616K, reserved 1132544K
  class space    used 10780K, capacity 12842K, committed 12928K, reserved 1048576K
}
Event: 3059.620 GC heap before
{Heap before GC invocations=119 (full 51):
 PSYoungGen      total 110592K, used 480K [0x00000000f5580000, 0x00000000fc480000, 0x0000000100000000)
  eden space 107520K, 0% used [0x00000000f5580000,0x00000000f5580000,0x00000000fbe80000)
  from space 3072K, 15% used [0x00000000fc180000,0x00000000fc1f8000,0x00000000fc480000)
  to   space 3072K, 0% used [0x00000000fbe80000,0x00000000fbe80000,0x00000000fc180000)
 ParOldGen       total 89088K, used 45155K [0x00000000e0000000, 0x00000000e5700000, 0x00000000f5580000)
  object space 89088K, 50% used [0x00000000e0000000,0x00000000e2c18fd0,0x00000000e5700000)
 Metaspace       used 88318K, capacity 95216K, committed 95616K, reserved 1132544K
  class space    used 10780K, capacity 12842K, committed 12928K, reserved 1048576K
Event: 3059.843 GC heap after
Heap after GC invocations=119 (full 51):
 PSYoungGen      total 110592K, used 0K [0x00000000f5580000, 0x00000000fc480000, 0x0000000100000000)
  eden space 107520K, 0% used [0x00000000f5580000,0x00000000f5580000,0x00000000fbe80000)
  from space 3072K, 0% used [0x00000000fc180000,0x00000000fc180000,0x00000000fc480000)
  to   space 3072K, 0% used [0x00000000fbe80000,0x00000000fbe80000,0x00000000fc180000)
 ParOldGen       total 89088K, used 44927K [0x00000000e0000000, 0x00000000e5700000, 0x00000000f5580000)
  object space 89088K, 50% used [0x00000000e0000000,0x00000000e2bdfdc8,0x00000000e5700000)
 Metaspace       used 88318K, capacity 95216K, committed 95616K, reserved 1132544K
  class space    used 10780K, capacity 12842K, committed 12928K, reserved 1048576K
}
Event: 3119.622 GC heap before
{Heap before GC invocations=120 (full 51):
 PSYoungGen      total 110592K, used 3667K [0x00000000f5580000, 0x00000000fc480000, 0x0000000100000000)
  eden space 107520K, 3% used [0x00000000f5580000,0x00000000f5914f10,0x00000000fbe80000)
  from space 3072K, 0% used [0x00000000fc180000,0x00000000fc180000,0x00000000fc480000)
  to   space 3072K, 0% used [0x00000000fbe80000,0x00000000fbe80000,0x00000000fc180000)
 ParOldGen       total 89088K, used 44927K [0x00000000e0000000, 0x00000000e5700000, 0x00000000f5580000)
  object space 89088K, 50% used [0x00000000e0000000,0x00000000e2bdfdc8,0x00000000e5700000)
 Metaspace       used 88318K, capacity 95216K, committed 95616K, reserved 1132544K
  class space    used 10780K, capacity 12842K, committed 12928K, reserved 1048576K
Event: 3119.626 GC heap after
Heap after GC invocations=120 (full 51):
 PSYoungGen      total 108032K, used 128K [0x00000000f5580000, 0x00000000fc380000, 0x0000000100000000)
  eden space 107520K, 0% used [0x00000000f5580000,0x00000000f5580000,0x00000000fbe80000)
  from space 512K, 25% used [0x00000000fbe80000,0x00000000fbea0000,0x00000000fbf00000)
  to   space 2560K, 0% used [0x00000000fc100000,0x00000000fc100000,0x00000000fc380000)
 ParOldGen       total 89088K, used 44927K [0x00000000e0000000, 0x00000000e5700000, 0x00000000f5580000)
  object space 89088K, 50% used [0x00000000e0000000,0x00000000e2bdfdc8,0x00000000e5700000)
 Metaspace       used 88318K, capacity 95216K, committed 95616K, reserved 1132544K
  class space    used 10780K, capacity 12842K, committed 12928K, reserved 1048576K
}
Event: 3119.626 GC heap before
{Heap before GC invocations=121 (full 52):
 PSYoungGen      total 108032K, used 128K [0x00000000f5580000, 0x00000000fc380000, 0x0000000100000000)
  eden space 107520K, 0% used [0x00000000f5580000,0x00000000f5580000,0x00000000fbe80000)
  from space 512K, 25% used [0x00000000fbe80000,0x00000000fbea0000,0x00000000fbf00000)
  to   space 2560K, 0% used [0x00000000fc100000,0x00000000fc100000,0x00000000fc380000)
 ParOldGen       total 89088K, used 44927K [0x00000000e0000000, 0x00000000e5700000, 0x00000000f5580000)
  object space 89088K, 50% used [0x00000000e0000000,0x00000000e2bdfdc8,0x00000000e5700000)
 Metaspace       used 88318K, capacity 95216K, committed 95616K, reserved 1132544K
  class space    used 10780K, capacity 12842K, committed 12928K, reserved 1048576K
Event: 3119.826 GC heap after
Heap after GC invocations=121 (full 52):
 PSYoungGen      total 108032K, used 0K [0x00000000f5580000, 0x00000000fc380000, 0x0000000100000000)
  eden space 107520K, 0% used [0x00000000f5580000,0x00000000f5580000,0x00000000fbe80000)
  from space 512K, 0% used [0x00000000fbe80000,0x00000000fbe80000,0x00000000fbf00000)
  to   space 2560K, 0% used [0x00000000fc100000,0x00000000fc100000,0x00000000fc380000)
 ParOldGen       total 89088K, used 44730K [0x00000000e0000000, 0x00000000e5700000, 0x00000000f5580000)
  object space 89088K, 50% used [0x00000000e0000000,0x00000000e2baebb8,0x00000000e5700000)
 Metaspace       used 88318K, capacity 95216K, committed 95616K, reserved 1132544K
  class space    used 10780K, capacity 12842K, committed 12928K, reserved 1048576K
}

