# JRE version: Java(TM) SE Runtime Environment (8.0_45-b15) (build 1.8.0_45-b15)
# Java VM: Java HotSpot(TM) 64-Bit Server VM (25.45-b02 mixed mode windows-amd64 compressed oops)
Heap:
 PSYoungGen      total 109056K, used 64930K [0x00000000f5580000, 0x00000000fd800000, 0x0000000100000000)
  eden space 103936K, 57% used [0x00000000f5580000,0x00000000f901e008,0x00000000fbb00000)
  from space 5120K, 95% used [0x00000000fbe00000,0x00000000fc2caab8,0x00000000fc300000)
  to   space 14848K, 0% used [0x00000000fc980000,0x00000000fc980000,0x00000000fd800000)
 ParOldGen       total 113152K, used 38391K [0x00000000e0000000, 0x00000000e6e80000, 0x00000000f5580000)
  object space 113152K, 33% used [0x00000000e0000000,0x00000000e257dfa8,0x00000000e6e80000)
 Metaspace       used 80999K, capacity 87600K, committed 87808K, reserved 1126400K
  class space    used 9625K, capacity 11747K, committed 11776K, reserved 1048576K
GC Heap History (10 events):
Event: 938.633 GC heap before
{Heap before GC invocations=31 (full 8):
 PSYoungGen      total 119808K, used 102625K [0x00000000f5580000, 0x00000000fe300000, 0x0000000100000000)
  eden space 99840K, 100% used [0x00000000f5580000,0x00000000fb700000,0x00000000fb700000)
  from space 19968K, 13% used [0x00000000fca00000,0x00000000fccb8640,0x00000000fdd80000)
  to   space 19456K, 0% used [0x00000000fb700000,0x00000000fb700000,0x00000000fca00000)
 ParOldGen       total 113152K, used 38367K [0x00000000e0000000, 0x00000000e6e80000, 0x00000000f5580000)
  object space 113152K, 33% used [0x00000000e0000000,0x00000000e2577fa8,0x00000000e6e80000)
 Metaspace       used 79153K, capacity 86034K, committed 86144K, reserved 1124352K
  class space    used 9493K, capacity 11612K, committed 11648K, reserved 1048576K
Event: 938.658 GC heap after
Heap after GC invocations=31 (full 8):
 PSYoungGen      total 119296K, used 4845K [0x00000000f5580000, 0x00000000fdf00000, 0x0000000100000000)
  eden space 99840K, 0% used [0x00000000f5580000,0x00000000f5580000,0x00000000fb700000)
  from space 19456K, 24% used [0x00000000fb700000,0x00000000fbbbb7f8,0x00000000fca00000)
  to   space 17920K, 0% used [0x00000000fcd80000,0x00000000fcd80000,0x00000000fdf00000)
 ParOldGen       total 113152K, used 38375K [0x00000000e0000000, 0x00000000e6e80000, 0x00000000f5580000)
  object space 113152K, 33% used [0x00000000e0000000,0x00000000e2579fa8,0x00000000e6e80000)
 Metaspace       used 79153K, capacity 86034K, committed 86144K, reserved 1124352K
  class space    used 9493K, capacity 11612K, committed 11648K, reserved 1048576K
}
Event: 955.449 GC heap before
{Heap before GC invocations=32 (full 8):
 PSYoungGen      total 119296K, used 104685K [0x00000000f5580000, 0x00000000fdf00000, 0x0000000100000000)
  eden space 99840K, 100% used [0x00000000f5580000,0x00000000fb700000,0x00000000fb700000)
  from space 19456K, 24% used [0x00000000fb700000,0x00000000fbbbb7f8,0x00000000fca00000)
  to   space 17920K, 0% used [0x00000000fcd80000,0x00000000fcd80000,0x00000000fdf00000)
 ParOldGen       total 113152K, used 38375K [0x00000000e0000000, 0x00000000e6e80000, 0x00000000f5580000)
  object space 113152K, 33% used [0x00000000e0000000,0x00000000e2579fa8,0x00000000e6e80000)
 Metaspace       used 79292K, capacity 86162K, committed 86400K, reserved 1124352K
  class space    used 9493K, capacity 11612K, committed 11648K, reserved 1048576K
Event: 955.455 GC heap after
Heap after GC invocations=32 (full 8):
 PSYoungGen      total 119808K, used 3329K [0x00000000f5580000, 0x00000000fdd00000, 0x0000000100000000)
  eden space 103936K, 0% used [0x00000000f5580000,0x00000000f5580000,0x00000000fbb00000)
  from space 15872K, 20% used [0x00000000fcd80000,0x00000000fd0c07a0,0x00000000fdd00000)
  to   space 17408K, 0% used [0x00000000fbb00000,0x00000000fbb00000,0x00000000fcc00000)
 ParOldGen       total 113152K, used 38383K [0x00000000e0000000, 0x00000000e6e80000, 0x00000000f5580000)
  object space 113152K, 33% used [0x00000000e0000000,0x00000000e257bfa8,0x00000000e6e80000)
 Metaspace       used 79292K, capacity 86162K, committed 86400K, reserved 1124352K
  class space    used 9493K, capacity 11612K, committed 11648K, reserved 1048576K
}
Event: 987.935 GC heap before
{Heap before GC invocations=33 (full 8):
 PSYoungGen      total 119808K, used 107265K [0x00000000f5580000, 0x00000000fdd00000, 0x0000000100000000)
  eden space 103936K, 100% used [0x00000000f5580000,0x00000000fbb00000,0x00000000fbb00000)
  from space 15872K, 20% used [0x00000000fcd80000,0x00000000fd0c07a0,0x00000000fdd00000)
  to   space 17408K, 0% used [0x00000000fbb00000,0x00000000fbb00000,0x00000000fcc00000)
 ParOldGen       total 113152K, used 38383K [0x00000000e0000000, 0x00000000e6e80000, 0x00000000f5580000)
  object space 113152K, 33% used [0x00000000e0000000,0x00000000e257bfa8,0x00000000e6e80000)
 Metaspace       used 79521K, capacity 86358K, committed 86656K, reserved 1124352K
  class space    used 9494K, capacity 11612K, committed 11648K, reserved 1048576K
Event: 987.942 GC heap after
Heap after GC invocations=33 (full 8):
 PSYoungGen      total 121344K, used 2545K [0x00000000f5580000, 0x00000000fdf80000, 0x0000000100000000)
  eden space 103936K, 0% used [0x00000000f5580000,0x00000000f5580000,0x00000000fbb00000)
  from space 17408K, 14% used [0x00000000fbb00000,0x00000000fbd7c6a0,0x00000000fcc00000)
  to   space 16896K, 0% used [0x00000000fcf00000,0x00000000fcf00000,0x00000000fdf80000)
 ParOldGen       total 113152K, used 38383K [0x00000000e0000000, 0x00000000e6e80000, 0x00000000f5580000)
  object space 113152K, 33% used [0x00000000e0000000,0x00000000e257bfa8,0x00000000e6e80000)
 Metaspace       used 79521K, capacity 86358K, committed 86656K, reserved 1124352K
  class space    used 9494K, capacity 11612K, committed 11648K, reserved 1048576K
}
Event: 1003.279 GC heap before
{Heap before GC invocations=34 (full 8):
 PSYoungGen      total 121344K, used 106481K [0x00000000f5580000, 0x00000000fdf80000, 0x0000000100000000)
  eden space 103936K, 100% used [0x00000000f5580000,0x00000000fbb00000,0x00000000fbb00000)
  from space 17408K, 14% used [0x00000000fbb00000,0x00000000fbd7c6a0,0x00000000fcc00000)
  to   space 16896K, 0% used [0x00000000fcf00000,0x00000000fcf00000,0x00000000fdf80000)
 ParOldGen       total 113152K, used 38383K [0x00000000e0000000, 0x00000000e6e80000, 0x00000000f5580000)
  object space 113152K, 33% used [0x00000000e0000000,0x00000000e257bfa8,0x00000000e6e80000)
 Metaspace       used 79603K, capacity 86364K, committed 86656K, reserved 1124352K
  class space    used 9494K, capacity 11613K, committed 11648K, reserved 1048576K
Event: 1003.296 GC heap after
Heap after GC invocations=34 (full 8):
 PSYoungGen      total 121344K, used 3073K [0x00000000f5580000, 0x00000000fdd00000, 0x0000000100000000)
  eden space 107008K, 0% used [0x00000000f5580000,0x00000000f5580000,0x00000000fbe00000)
  from space 14336K, 21% used [0x00000000fcf00000,0x00000000fd200740,0x00000000fdd00000)
  to   space 15872K, 0% used [0x00000000fbe00000,0x00000000fbe00000,0x00000000fcd80000)
 ParOldGen       total 113152K, used 38383K [0x00000000e0000000, 0x00000000e6e80000, 0x00000000f5580000)
  object space 113152K, 33% used [0x00000000e0000000,0x00000000e257bfa8,0x00000000e6e80000)
 Metaspace       used 79603K, capacity 86364K, committed 86656K, reserved 1124352K
  class space    used 9494K, capacity 11613K, committed 11648K, reserved 1048576K
}
Event: 1205.582 GC heap before
{Heap before GC invocations=35 (full 8):
 PSYoungGen      total 121344K, used 110081K [0x00000000f5580000, 0x00000000fdd00000, 0x0000000100000000)
  eden space 107008K, 100% used [0x00000000f5580000,0x00000000fbe00000,0x00000000fbe00000)
  from space 14336K, 21% used [0x00000000fcf00000,0x00000000fd200740,0x00000000fdd00000)
  to   space 15872K, 0% used [0x00000000fbe00000,0x00000000fbe00000,0x00000000fcd80000)
 ParOldGen       total 113152K, used 38383K [0x00000000e0000000, 0x00000000e6e80000, 0x00000000f5580000)
  object space 113152K, 33% used [0x00000000e0000000,0x00000000e257bfa8,0x00000000e6e80000)
 Metaspace       used 80033K, capacity 86790K, committed 87040K, reserved 1124352K
  class space    used 9515K, capacity 11650K, committed 11776K, reserved 1048576K
Event: 1205.594 GC heap after
Heap after GC invocations=35 (full 8):
 PSYoungGen      total 109056K, used 4906K [0x00000000f5580000, 0x00000000fd800000, 0x0000000100000000)
  eden space 103936K, 0% used [0x00000000f5580000,0x00000000f5580000,0x00000000fbb00000)
  from space 5120K, 95% used [0x00000000fbe00000,0x00000000fc2caab8,0x00000000fc300000)
  to   space 14848K, 0% used [0x00000000fc980000,0x00000000fc980000,0x00000000fd800000)
 ParOldGen       total 113152K, used 38391K [0x00000000e0000000, 0x00000000e6e80000, 0x00000000f5580000)
  object space 113152K, 33% used [0x00000000e0000000,0x00000000e257dfa8,0x00000000e6e80000)
 Metaspace       used 80033K, capacity 86790K, committed 87040K, reserved 1124352K
  class space    used 9515K, capacity 11650K, committed 11776K, reserved 1048576K
}

