# JRE version: Java(TM) SE Runtime Environment (8.0_45-b15) (build 1.8.0_45-b15)
# Java VM: Java HotSpot(TM) 64-Bit Server VM (25.45-b02 mixed mode windows-amd64 compressed oops)
Heap:
 PSYoungGen      total 113152K, used 84368K [0x00000000f5580000, 0x00000000fcc00000, 0x0000000100000000)
  eden space 105984K, 79% used [0x00000000f5580000,0x00000000fa7e4368,0x00000000fbd00000)
  from space 7168K, 0% used [0x00000000fc500000,0x00000000fc500000,0x00000000fcc00000)
  to   space 7680K, 0% used [0x00000000fbd00000,0x00000000fbd00000,0x00000000fc480000)
 ParOldGen       total 94720K, used 40310K [0x00000000e0000000, 0x00000000e5c80000, 0x00000000f5580000)
  object space 94720K, 42% used [0x00000000e0000000,0x00000000e275da50,0x00000000e5c80000)
 Metaspace       used 83912K, capacity 90400K, committed 90624K, reserved 1128448K
  class space    used 9776K, capacity 11943K, committed 12032K, reserved 1048576K
GC Heap History (10 events):
Event: 3374.056 GC heap before
{Heap before GC invocations=71 (full 21):
 PSYoungGen      total 114176K, used 128K [0x00000000f5580000, 0x00000000fcd00000, 0x0000000100000000)
  eden space 105984K, 0% used [0x00000000f5580000,0x00000000f5580000,0x00000000fbd00000)
  from space 8192K, 1% used [0x00000000fc500000,0x00000000fc520000,0x00000000fcd00000)
  to   space 8192K, 0% used [0x00000000fbd00000,0x00000000fbd00000,0x00000000fc500000)
 ParOldGen       total 94720K, used 40465K [0x00000000e0000000, 0x00000000e5c80000, 0x00000000f5580000)
  object space 94720K, 42% used [0x00000000e0000000,0x00000000e2784770,0x00000000e5c80000)
 Metaspace       used 82912K, capacity 89354K, committed 89600K, reserved 1126400K
  class space    used 9668K, capacity 11748K, committed 11776K, reserved 1048576K
Event: 3374.296 GC heap after
Heap after GC invocations=71 (full 21):
 PSYoungGen      total 114176K, used 0K [0x00000000f5580000, 0x00000000fcd00000, 0x0000000100000000)
  eden space 105984K, 0% used [0x00000000f5580000,0x00000000f5580000,0x00000000fbd00000)
  from space 8192K, 0% used [0x00000000fc500000,0x00000000fc500000,0x00000000fcd00000)
  to   space 8192K, 0% used [0x00000000fbd00000,0x00000000fbd00000,0x00000000fc500000)
 ParOldGen       total 94720K, used 40310K [0x00000000e0000000, 0x00000000e5c80000, 0x00000000f5580000)
  object space 94720K, 42% used [0x00000000e0000000,0x00000000e275d8d8,0x00000000e5c80000)
 Metaspace       used 82912K, capacity 89354K, committed 89600K, reserved 1126400K
  class space    used 9668K, capacity 11748K, committed 11776K, reserved 1048576K
}
Event: 3439.143 GC heap before
{Heap before GC invocations=72 (full 21):
 PSYoungGen      total 114176K, used 7438K [0x00000000f5580000, 0x00000000fcd00000, 0x0000000100000000)
  eden space 105984K, 7% used [0x00000000f5580000,0x00000000f5cc3ac8,0x00000000fbd00000)
  from space 8192K, 0% used [0x00000000fc500000,0x00000000fc500000,0x00000000fcd00000)
  to   space 8192K, 0% used [0x00000000fbd00000,0x00000000fbd00000,0x00000000fc500000)
 ParOldGen       total 94720K, used 40310K [0x00000000e0000000, 0x00000000e5c80000, 0x00000000f5580000)
  object space 94720K, 42% used [0x00000000e0000000,0x00000000e275d8d8,0x00000000e5c80000)
 Metaspace       used 82924K, capacity 89354K, committed 89600K, reserved 1126400K
  class space    used 9668K, capacity 11748K, committed 11776K, reserved 1048576K
Event: 3439.151 GC heap after
Heap after GC invocations=72 (full 21):
 PSYoungGen      total 114176K, used 256K [0x00000000f5580000, 0x00000000fcd00000, 0x0000000100000000)
  eden space 105984K, 0% used [0x00000000f5580000,0x00000000f5580000,0x00000000fbd00000)
  from space 8192K, 3% used [0x00000000fbd00000,0x00000000fbd40000,0x00000000fc500000)
  to   space 8192K, 0% used [0x00000000fc500000,0x00000000fc500000,0x00000000fcd00000)
 ParOldGen       total 94720K, used 40310K [0x00000000e0000000, 0x00000000e5c80000, 0x00000000f5580000)
  object space 94720K, 42% used [0x00000000e0000000,0x00000000e275d8d8,0x00000000e5c80000)
 Metaspace       used 82924K, capacity 89354K, committed 89600K, reserved 1126400K
  class space    used 9668K, capacity 11748K, committed 11776K, reserved 1048576K
}
Event: 3439.151 GC heap before
{Heap before GC invocations=73 (full 22):
 PSYoungGen      total 114176K, used 256K [0x00000000f5580000, 0x00000000fcd00000, 0x0000000100000000)
  eden space 105984K, 0% used [0x00000000f5580000,0x00000000f5580000,0x00000000fbd00000)
  from space 8192K, 3% used [0x00000000fbd00000,0x00000000fbd40000,0x00000000fc500000)
  to   space 8192K, 0% used [0x00000000fc500000,0x00000000fc500000,0x00000000fcd00000)
 ParOldGen       total 94720K, used 40310K [0x00000000e0000000, 0x00000000e5c80000, 0x00000000f5580000)
  object space 94720K, 42% used [0x00000000e0000000,0x00000000e275d8d8,0x00000000e5c80000)
 Metaspace       used 82924K, capacity 89354K, committed 89600K, reserved 1126400K
  class space    used 9668K, capacity 11748K, committed 11776K, reserved 1048576K
Event: 3439.372 GC heap after
Heap after GC invocations=73 (full 22):
 PSYoungGen      total 114176K, used 0K [0x00000000f5580000, 0x00000000fcd00000, 0x0000000100000000)
  eden space 105984K, 0% used [0x00000000f5580000,0x00000000f5580000,0x00000000fbd00000)
  from space 8192K, 0% used [0x00000000fbd00000,0x00000000fbd00000,0x00000000fc500000)
  to   space 8192K, 0% used [0x00000000fc500000,0x00000000fc500000,0x00000000fcd00000)
 ParOldGen       total 94720K, used 40329K [0x00000000e0000000, 0x00000000e5c80000, 0x00000000f5580000)
  object space 94720K, 42% used [0x00000000e0000000,0x00000000e27626c0,0x00000000e5c80000)
 Metaspace       used 82924K, capacity 89354K, committed 89600K, reserved 1126400K
  class space    used 9668K, capacity 11748K, committed 11776K, reserved 1048576K
}
Event: 3499.155 GC heap before
{Heap before GC invocations=74 (full 22):
 PSYoungGen      total 114176K, used 3798K [0x00000000f5580000, 0x00000000fcd00000, 0x0000000100000000)
  eden space 105984K, 3% used [0x00000000f5580000,0x00000000f5935b68,0x00000000fbd00000)
  from space 8192K, 0% used [0x00000000fbd00000,0x00000000fbd00000,0x00000000fc500000)
  to   space 8192K, 0% used [0x00000000fc500000,0x00000000fc500000,0x00000000fcd00000)
 ParOldGen       total 94720K, used 40329K [0x00000000e0000000, 0x00000000e5c80000, 0x00000000f5580000)
  object space 94720K, 42% used [0x00000000e0000000,0x00000000e27626c0,0x00000000e5c80000)
 Metaspace       used 82936K, capacity 89354K, committed 89600K, reserved 1126400K
  class space    used 9668K, capacity 11748K, committed 11776K, reserved 1048576K
Event: 3499.165 GC heap after
Heap after GC invocations=74 (full 22):
 PSYoungGen      total 113152K, used 192K [0x00000000f5580000, 0x00000000fcc00000, 0x0000000100000000)
  eden space 105984K, 0% used [0x00000000f5580000,0x00000000f5580000,0x00000000fbd00000)
  from space 7168K, 2% used [0x00000000fc500000,0x00000000fc530000,0x00000000fcc00000)
  to   space 7680K, 0% used [0x00000000fbd00000,0x00000000fbd00000,0x00000000fc480000)
 ParOldGen       total 94720K, used 40337K [0x00000000e0000000, 0x00000000e5c80000, 0x00000000f5580000)
  object space 94720K, 42% used [0x00000000e0000000,0x00000000e27646c0,0x00000000e5c80000)
 Metaspace       used 82936K, capacity 89354K, committed 89600K, reserved 1126400K
  class space    used 9668K, capacity 11748K, committed 11776K, reserved 1048576K
}
Event: 3499.165 GC heap before
{Heap before GC invocations=75 (full 23):
 PSYoungGen      total 113152K, used 192K [0x00000000f5580000, 0x00000000fcc00000, 0x0000000100000000)
  eden space 105984K, 0% used [0x00000000f5580000,0x00000000f5580000,0x00000000fbd00000)
  from space 7168K, 2% used [0x00000000fc500000,0x00000000fc530000,0x00000000fcc00000)
  to   space 7680K, 0% used [0x00000000fbd00000,0x00000000fbd00000,0x00000000fc480000)
 ParOldGen       total 94720K, used 40337K [0x00000000e0000000, 0x00000000e5c80000, 0x00000000f5580000)
  object space 94720K, 42% used [0x00000000e0000000,0x00000000e27646c0,0x00000000e5c80000)
 Metaspace       used 82936K, capacity 89354K, committed 89600K, reserved 1126400K
  class space    used 9668K, capacity 11748K, committed 11776K, reserved 1048576K
Event: 3499.335 GC heap after
Heap after GC invocations=75 (full 23):
 PSYoungGen      total 113152K, used 0K [0x00000000f5580000, 0x00000000fcc00000, 0x0000000100000000)
  eden space 105984K, 0% used [0x00000000f5580000,0x00000000f5580000,0x00000000fbd00000)
  from space 7168K, 0% used [0x00000000fc500000,0x00000000fc500000,0x00000000fcc00000)
  to   space 7680K, 0% used [0x00000000fbd00000,0x00000000fbd00000,0x00000000fc480000)
 ParOldGen       total 94720K, used 40310K [0x00000000e0000000, 0x00000000e5c80000, 0x00000000f5580000)
  object space 94720K, 42% used [0x00000000e0000000,0x00000000e275da50,0x00000000e5c80000)
 Metaspace       used 82936K, capacity 89354K, committed 89600K, reserved 1126400K
  class space    used 9668K, capacity 11748K, committed 11776K, reserved 1048576K
}

