# JRE version: Java(TM) SE Runtime Environment (8.0_45-b15) (build 1.8.0_45-b15)
# Java VM: Java HotSpot(TM) 64-Bit Server VM (25.45-b02 mixed mode windows-amd64 compressed oops)
Heap:
 PSYoungGen      total 92672K, used 28175K [0x00000000f5580000, 0x00000000fd300000, 0x0000000100000000)
  eden space 71680K, 39% used [0x00000000f5580000,0x00000000f7103c58,0x00000000f9b80000)
  from space 20992K, 0% used [0x00000000f9b80000,0x00000000f9b80000,0x00000000fb000000)
  to   space 20992K, 0% used [0x00000000fbe80000,0x00000000fbe80000,0x00000000fd300000)
 ParOldGen       total 108544K, used 40869K [0x00000000e0000000, 0x00000000e6a00000, 0x00000000f5580000)
  object space 108544K, 37% used [0x00000000e0000000,0x00000000e27e94f8,0x00000000e6a00000)
 Metaspace       used 64329K, capacity 69792K, committed 70016K, reserved 1110016K
  class space    used 7828K, capacity 9509K, committed 9600K, reserved 1048576K
GC Heap History (10 events):
Event: 8.355 GC heap before
{Heap before GC invocations=9 (full 2):
 PSYoungGen      total 66560K, used 50688K [0x00000000f5580000, 0x00000000faa80000, 0x0000000100000000)
  eden space 50688K, 100% used [0x00000000f5580000,0x00000000f8700000,0x00000000f8700000)
  from space 15872K, 0% used [0x00000000f9680000,0x00000000f9680000,0x00000000fa600000)
  to   space 15872K, 0% used [0x00000000f8700000,0x00000000f8700000,0x00000000f9680000)
 ParOldGen       total 75776K, used 20272K [0x00000000e0000000, 0x00000000e4a00000, 0x00000000f5580000)
  object space 75776K, 26% used [0x00000000e0000000,0x00000000e13cc130,0x00000000e4a00000)
 Metaspace       used 44311K, capacity 47814K, committed 47872K, reserved 1091584K
  class space    used 5317K, capacity 6366K, committed 6400K, reserved 1048576K
Event: 8.372 GC heap after
Heap after GC invocations=9 (full 2):
 PSYoungGen      total 66560K, used 15187K [0x00000000f5580000, 0x00000000fc200000, 0x0000000100000000)
  eden space 50688K, 0% used [0x00000000f5580000,0x00000000f5580000,0x00000000f8700000)
  from space 15872K, 95% used [0x00000000f8700000,0x00000000f95d4c68,0x00000000f9680000)
  to   space 18432K, 0% used [0x00000000fb000000,0x00000000fb000000,0x00000000fc200000)
 ParOldGen       total 75776K, used 20280K [0x00000000e0000000, 0x00000000e4a00000, 0x00000000f5580000)
  object space 75776K, 26% used [0x00000000e0000000,0x00000000e13ce130,0x00000000e4a00000)
 Metaspace       used 44311K, capacity 47814K, committed 47872K, reserved 1091584K
  class space    used 5317K, capacity 6366K, committed 6400K, reserved 1048576K
}
Event: 10.640 GC heap before
{Heap before GC invocations=10 (full 2):
 PSYoungGen      total 66560K, used 65377K [0x00000000f5580000, 0x00000000fc200000, 0x0000000100000000)
  eden space 50688K, 99% used [0x00000000f5580000,0x00000000f86837a8,0x00000000f8700000)
  from space 15872K, 95% used [0x00000000f8700000,0x00000000f95d4c68,0x00000000f9680000)
  to   space 18432K, 0% used [0x00000000fb000000,0x00000000fb000000,0x00000000fc200000)
 ParOldGen       total 75776K, used 20280K [0x00000000e0000000, 0x00000000e4a00000, 0x00000000f5580000)
  object space 75776K, 26% used [0x00000000e0000000,0x00000000e13ce130,0x00000000e4a00000)
 Metaspace       used 54138K, capacity 59072K, committed 59136K, reserved 1099776K
  class space    used 6686K, capacity 8176K, committed 8192K, reserved 1048576K
Event: 10.668 GC heap after
Heap after GC invocations=10 (full 2):
 PSYoungGen      total 90112K, used 17979K [0x00000000f5580000, 0x00000000fc500000, 0x0000000100000000)
  eden space 71680K, 0% used [0x00000000f5580000,0x00000000f5580000,0x00000000f9b80000)
  from space 18432K, 97% used [0x00000000fb000000,0x00000000fc18ed70,0x00000000fc200000)
  to   space 20992K, 0% used [0x00000000f9b80000,0x00000000f9b80000,0x00000000fb000000)
 ParOldGen       total 75776K, used 20288K [0x00000000e0000000, 0x00000000e4a00000, 0x00000000f5580000)
  object space 75776K, 26% used [0x00000000e0000000,0x00000000e13d0130,0x00000000e4a00000)
 Metaspace       used 54138K, capacity 59072K, committed 59136K, reserved 1099776K
  class space    used 6686K, capacity 8176K, committed 8192K, reserved 1048576K
}
Event: 10.668 GC heap before
{Heap before GC invocations=11 (full 3):
 PSYoungGen      total 90112K, used 17979K [0x00000000f5580000, 0x00000000fc500000, 0x0000000100000000)
  eden space 71680K, 0% used [0x00000000f5580000,0x00000000f5580000,0x00000000f9b80000)
  from space 18432K, 97% used [0x00000000fb000000,0x00000000fc18ed70,0x00000000fc200000)
  to   space 20992K, 0% used [0x00000000f9b80000,0x00000000f9b80000,0x00000000fb000000)
 ParOldGen       total 75776K, used 20288K [0x00000000e0000000, 0x00000000e4a00000, 0x00000000f5580000)
  object space 75776K, 26% used [0x00000000e0000000,0x00000000e13d0130,0x00000000e4a00000)
 Metaspace       used 54138K, capacity 59072K, committed 59136K, reserved 1099776K
  class space    used 6686K, capacity 8176K, committed 8192K, reserved 1048576K
Event: 11.004 GC heap after
Heap after GC invocations=11 (full 3):
 PSYoungGen      total 90112K, used 0K [0x00000000f5580000, 0x00000000fc500000, 0x0000000100000000)
  eden space 71680K, 0% used [0x00000000f5580000,0x00000000f5580000,0x00000000f9b80000)
  from space 18432K, 0% used [0x00000000fb000000,0x00000000fb000000,0x00000000fc200000)
  to   space 20992K, 0% used [0x00000000f9b80000,0x00000000f9b80000,0x00000000fb000000)
 ParOldGen       total 108544K, used 36661K [0x00000000e0000000, 0x00000000e6a00000, 0x00000000f5580000)
  object space 108544K, 33% used [0x00000000e0000000,0x00000000e23cd408,0x00000000e6a00000)
 Metaspace       used 54138K, capacity 59072K, committed 59136K, reserved 1099776K
  class space    used 6686K, capacity 8176K, committed 8192K, reserved 1048576K
}
Event: 65.427 GC heap before
{Heap before GC invocations=12 (full 3):
 PSYoungGen      total 90112K, used 56960K [0x00000000f5580000, 0x00000000fc500000, 0x0000000100000000)
  eden space 71680K, 79% used [0x00000000f5580000,0x00000000f8d20348,0x00000000f9b80000)
  from space 18432K, 0% used [0x00000000fb000000,0x00000000fb000000,0x00000000fc200000)
  to   space 20992K, 0% used [0x00000000f9b80000,0x00000000f9b80000,0x00000000fb000000)
 ParOldGen       total 108544K, used 36661K [0x00000000e0000000, 0x00000000e6a00000, 0x00000000f5580000)
  object space 108544K, 33% used [0x00000000e0000000,0x00000000e23cd408,0x00000000e6a00000)
 Metaspace       used 62812K, capacity 68378K, committed 68480K, reserved 1107968K
  class space    used 7662K, capacity 9315K, committed 9344K, reserved 1048576K
Event: 65.469 GC heap after
Heap after GC invocations=12 (full 3):
 PSYoungGen      total 92672K, used 12275K [0x00000000f5580000, 0x00000000fd300000, 0x0000000100000000)
  eden space 71680K, 0% used [0x00000000f5580000,0x00000000f5580000,0x00000000f9b80000)
  from space 20992K, 58% used [0x00000000f9b80000,0x00000000fa77cdd0,0x00000000fb000000)
  to   space 20992K, 0% used [0x00000000fbe80000,0x00000000fbe80000,0x00000000fd300000)
 ParOldGen       total 108544K, used 36669K [0x00000000e0000000, 0x00000000e6a00000, 0x00000000f5580000)
  object space 108544K, 33% used [0x00000000e0000000,0x00000000e23cf408,0x00000000e6a00000)
 Metaspace       used 62812K, capacity 68378K, committed 68480K, reserved 1107968K
  class space    used 7662K, capacity 9315K, committed 9344K, reserved 1048576K
}
Event: 65.469 GC heap before
{Heap before GC invocations=13 (full 4):
 PSYoungGen      total 92672K, used 12275K [0x00000000f5580000, 0x00000000fd300000, 0x0000000100000000)
  eden space 71680K, 0% used [0x00000000f5580000,0x00000000f5580000,0x00000000f9b80000)
  from space 20992K, 58% used [0x00000000f9b80000,0x00000000fa77cdd0,0x00000000fb000000)
  to   space 20992K, 0% used [0x00000000fbe80000,0x00000000fbe80000,0x00000000fd300000)
 ParOldGen       total 108544K, used 36669K [0x00000000e0000000, 0x00000000e6a00000, 0x00000000f5580000)
  object space 108544K, 33% used [0x00000000e0000000,0x00000000e23cf408,0x00000000e6a00000)
 Metaspace       used 62812K, capacity 68378K, committed 68480K, reserved 1107968K
  class space    used 7662K, capacity 9315K, committed 9344K, reserved 1048576K
Event: 65.942 GC heap after
Heap after GC invocations=13 (full 4):
 PSYoungGen      total 92672K, used 0K [0x00000000f5580000, 0x00000000fd300000, 0x0000000100000000)
  eden space 71680K, 0% used [0x00000000f5580000,0x00000000f5580000,0x00000000f9b80000)
  from space 20992K, 0% used [0x00000000f9b80000,0x00000000f9b80000,0x00000000fb000000)
  to   space 20992K, 0% used [0x00000000fbe80000,0x00000000fbe80000,0x00000000fd300000)
 ParOldGen       total 108544K, used 40869K [0x00000000e0000000, 0x00000000e6a00000, 0x00000000f5580000)
  object space 108544K, 37% used [0x00000000e0000000,0x00000000e27e94f8,0x00000000e6a00000)
 Metaspace       used 62812K, capacity 68378K, committed 68480K, reserved 1107968K
  class space    used 7662K, capacity 9315K, committed 9344K, reserved 1048576K
}

