# JRE version: Java(TM) SE Runtime Environment (8.0_45-b15) (build 1.8.0_45-b15)
# Java VM: Java HotSpot(TM) 64-Bit Server VM (25.45-b02 mixed mode windows-amd64 compressed oops)
Heap:
 PSYoungGen      total 33280K, used 15416K [0x00000000f5580000, 0x00000000f7f00000, 0x0000000100000000)
  eden space 25088K, 41% used [0x00000000f5580000,0x00000000f5fa9b18,0x00000000f6e00000)
  from space 8192K, 61% used [0x00000000f7700000,0x00000000f7be4788,0x00000000f7f00000)
  to   space 8704K, 0% used [0x00000000f6e00000,0x00000000f6e00000,0x00000000f7680000)
 ParOldGen       total 111616K, used 58510K [0x00000000e0000000, 0x00000000e6d00000, 0x00000000f5580000)
  object space 111616K, 52% used [0x00000000e0000000,0x00000000e3923818,0x00000000e6d00000)
 Metaspace       used 96491K, capacity 103542K, committed 103808K, reserved 1140736K
  class space    used 11196K, capacity 13389K, committed 13440K, reserved 1048576K
GC Heap History (10 events):
Event: 6347.691 GC heap before
{Heap before GC invocations=236 (full 18):
 PSYoungGen      total 33280K, used 31996K [0x00000000f5580000, 0x00000000f7e00000, 0x0000000100000000)
  eden space 26112K, 100% used [0x00000000f5580000,0x00000000f6f00000,0x00000000f6f00000)
  from space 7168K, 82% used [0x00000000f6f00000,0x00000000f74bf140,0x00000000f7600000)
  to   space 7680K, 0% used [0x00000000f7680000,0x00000000f7680000,0x00000000f7e00000)
 ParOldGen       total 111616K, used 58279K [0x00000000e0000000, 0x00000000e6d00000, 0x00000000f5580000)
  object space 111616K, 52% used [0x00000000e0000000,0x00000000e38e9d40,0x00000000e6d00000)
 Metaspace       used 95725K, capacity 102468K, committed 102656K, reserved 1138688K
  class space    used 11109K, capacity 13289K, committed 13312K, reserved 1048576K
Event: 6347.705 GC heap after
Heap after GC invocations=236 (full 18):
 PSYoungGen      total 33280K, used 6444K [0x00000000f5580000, 0x00000000f7f00000, 0x0000000100000000)
  eden space 25600K, 0% used [0x00000000f5580000,0x00000000f5580000,0x00000000f6e80000)
  from space 7680K, 83% used [0x00000000f7680000,0x00000000f7ccb040,0x00000000f7e00000)
  to   space 8192K, 0% used [0x00000000f6e80000,0x00000000f6e80000,0x00000000f7680000)
 ParOldGen       total 111616K, used 58303K [0x00000000e0000000, 0x00000000e6d00000, 0x00000000f5580000)
  object space 111616K, 52% used [0x00000000e0000000,0x00000000e38efd40,0x00000000e6d00000)
 Metaspace       used 95725K, capacity 102468K, committed 102656K, reserved 1138688K
  class space    used 11109K, capacity 13289K, committed 13312K, reserved 1048576K
}
Event: 6363.019 GC heap before
{Heap before GC invocations=237 (full 18):
 PSYoungGen      total 33280K, used 32044K [0x00000000f5580000, 0x00000000f7f00000, 0x0000000100000000)
  eden space 25600K, 100% used [0x00000000f5580000,0x00000000f6e80000,0x00000000f6e80000)
  from space 7680K, 83% used [0x00000000f7680000,0x00000000f7ccb040,0x00000000f7e00000)
  to   space 8192K, 0% used [0x00000000f6e80000,0x00000000f6e80000,0x00000000f7680000)
 ParOldGen       total 111616K, used 58303K [0x00000000e0000000, 0x00000000e6d00000, 0x00000000f5580000)
  object space 111616K, 52% used [0x00000000e0000000,0x00000000e38efd40,0x00000000e6d00000)
 Metaspace       used 95730K, capacity 102532K, committed 102656K, reserved 1138688K
  class space    used 11109K, capacity 13289K, committed 13312K, reserved 1048576K
Event: 6363.033 GC heap after
Heap after GC invocations=237 (full 18):
 PSYoungGen      total 33792K, used 6063K [0x00000000f5580000, 0x00000000f7e80000, 0x0000000100000000)
  eden space 25600K, 0% used [0x00000000f5580000,0x00000000f5580000,0x00000000f6e80000)
  from space 8192K, 74% used [0x00000000f6e80000,0x00000000f746bf88,0x00000000f7680000)
  to   space 8192K, 0% used [0x00000000f7680000,0x00000000f7680000,0x00000000f7e80000)
 ParOldGen       total 111616K, used 58327K [0x00000000e0000000, 0x00000000e6d00000, 0x00000000f5580000)
  object space 111616K, 52% used [0x00000000e0000000,0x00000000e38f5d40,0x00000000e6d00000)
 Metaspace       used 95730K, capacity 102532K, committed 102656K, reserved 1138688K
  class space    used 11109K, capacity 13289K, committed 13312K, reserved 1048576K
}
Event: 6369.770 GC heap before
{Heap before GC invocations=238 (full 18):
 PSYoungGen      total 33792K, used 31663K [0x00000000f5580000, 0x00000000f7e80000, 0x0000000100000000)
  eden space 25600K, 100% used [0x00000000f5580000,0x00000000f6e80000,0x00000000f6e80000)
  from space 8192K, 74% used [0x00000000f6e80000,0x00000000f746bf88,0x00000000f7680000)
  to   space 8192K, 0% used [0x00000000f7680000,0x00000000f7680000,0x00000000f7e80000)
 ParOldGen       total 111616K, used 58327K [0x00000000e0000000, 0x00000000e6d00000, 0x00000000f5580000)
  object space 111616K, 52% used [0x00000000e0000000,0x00000000e38f5d40,0x00000000e6d00000)
 Metaspace       used 95744K, capacity 102532K, committed 102656K, reserved 1138688K
  class space    used 11109K, capacity 13289K, committed 13312K, reserved 1048576K
Event: 6369.783 GC heap after
Heap after GC invocations=238 (full 18):
 PSYoungGen      total 33280K, used 6004K [0x00000000f5580000, 0x00000000f7f80000, 0x0000000100000000)
  eden space 25088K, 0% used [0x00000000f5580000,0x00000000f5580000,0x00000000f6e00000)
  from space 8192K, 73% used [0x00000000f7680000,0x00000000f7c5d3c0,0x00000000f7e80000)
  to   space 8704K, 0% used [0x00000000f6e00000,0x00000000f6e00000,0x00000000f7680000)
 ParOldGen       total 111616K, used 58462K [0x00000000e0000000, 0x00000000e6d00000, 0x00000000f5580000)
  object space 111616K, 52% used [0x00000000e0000000,0x00000000e3917818,0x00000000e6d00000)
 Metaspace       used 95744K, capacity 102532K, committed 102656K, reserved 1138688K
  class space    used 11109K, capacity 13289K, committed 13312K, reserved 1048576K
}
Event: 6375.990 GC heap before
{Heap before GC invocations=239 (full 18):
 PSYoungGen      total 33280K, used 31092K [0x00000000f5580000, 0x00000000f7f80000, 0x0000000100000000)
  eden space 25088K, 100% used [0x00000000f5580000,0x00000000f6e00000,0x00000000f6e00000)
  from space 8192K, 73% used [0x00000000f7680000,0x00000000f7c5d3c0,0x00000000f7e80000)
  to   space 8704K, 0% used [0x00000000f6e00000,0x00000000f6e00000,0x00000000f7680000)
 ParOldGen       total 111616K, used 58462K [0x00000000e0000000, 0x00000000e6d00000, 0x00000000f5580000)
  object space 111616K, 52% used [0x00000000e0000000,0x00000000e3917818,0x00000000e6d00000)
 Metaspace       used 96003K, capacity 102928K, committed 103040K, reserved 1138688K
  class space    used 11146K, capacity 13356K, committed 13440K, reserved 1048576K
Event: 6376.033 GC heap after
Heap after GC invocations=239 (full 18):
 PSYoungGen      total 33792K, used 7674K [0x00000000f5580000, 0x00000000f8000000, 0x0000000100000000)
  eden space 25088K, 0% used [0x00000000f5580000,0x00000000f5580000,0x00000000f6e00000)
  from space 8704K, 88% used [0x00000000f6e00000,0x00000000f757ebd0,0x00000000f7680000)
  to   space 9216K, 0% used [0x00000000f7700000,0x00000000f7700000,0x00000000f8000000)
 ParOldGen       total 111616K, used 58478K [0x00000000e0000000, 0x00000000e6d00000, 0x00000000f5580000)
  object space 111616K, 52% used [0x00000000e0000000,0x00000000e391b818,0x00000000e6d00000)
 Metaspace       used 96003K, capacity 102928K, committed 103040K, reserved 1138688K
  class space    used 11146K, capacity 13356K, committed 13440K, reserved 1048576K
}
Event: 6378.204 GC heap before
{Heap before GC invocations=240 (full 18):
 PSYoungGen      total 33792K, used 32762K [0x00000000f5580000, 0x00000000f8000000, 0x0000000100000000)
  eden space 25088K, 100% used [0x00000000f5580000,0x00000000f6e00000,0x00000000f6e00000)
  from space 8704K, 88% used [0x00000000f6e00000,0x00000000f757ebd0,0x00000000f7680000)
  to   space 9216K, 0% used [0x00000000f7700000,0x00000000f7700000,0x00000000f8000000)
 ParOldGen       total 111616K, used 58478K [0x00000000e0000000, 0x00000000e6d00000, 0x00000000f5580000)
  object space 111616K, 52% used [0x00000000e0000000,0x00000000e391b818,0x00000000e6d00000)
 Metaspace       used 96131K, capacity 103120K, committed 103296K, reserved 1138688K
  class space    used 11159K, capacity 13356K, committed 13440K, reserved 1048576K
Event: 6378.215 GC heap after
Heap after GC invocations=240 (full 18):
 PSYoungGen      total 33280K, used 5009K [0x00000000f5580000, 0x00000000f7f00000, 0x0000000100000000)
  eden space 25088K, 0% used [0x00000000f5580000,0x00000000f5580000,0x00000000f6e00000)
  from space 8192K, 61% used [0x00000000f7700000,0x00000000f7be4788,0x00000000f7f00000)
  to   space 8704K, 0% used [0x00000000f6e00000,0x00000000f6e00000,0x00000000f7680000)
 ParOldGen       total 111616K, used 58510K [0x00000000e0000000, 0x00000000e6d00000, 0x00000000f5580000)
  object space 111616K, 52% used [0x00000000e0000000,0x00000000e3923818,0x00000000e6d00000)
 Metaspace       used 96131K, capacity 103120K, committed 103296K, reserved 1138688K
  class space    used 11159K, capacity 13356K, committed 13440K, reserved 1048576K
}

