# JRE version: Java(TM) SE Runtime Environment (8.0_45-b15) (build 1.8.0_45-b15)
# Java VM: Java HotSpot(TM) 64-Bit Server VM (25.45-b02 mixed mode windows-amd64 compressed oops)
Heap:
 PSYoungGen      total 100864K, used 86512K [0x00000000f5580000, 0x00000000fdd00000, 0x0000000100000000)
  eden space 66048K, 94% used [0x00000000f5580000,0x00000000f92a81f8,0x00000000f9600000)
  from space 34816K, 68% used [0x00000000fbb00000,0x00000000fd254008,0x00000000fdd00000)
  to   space 36352K, 0% used [0x00000000f9600000,0x00000000f9600000,0x00000000fb980000)
 ParOldGen       total 123392K, used 37345K [0x00000000e0000000, 0x00000000e7880000, 0x00000000f5580000)
  object space 123392K, 30% used [0x00000000e0000000,0x00000000e2478610,0x00000000e7880000)
 Metaspace       used 82085K, capacity 88320K, committed 88448K, reserved 1126400K
  class space    used 9886K, capacity 11858K, committed 11904K, reserved 1048576K
GC Heap History (10 events):
Event: 475.699 GC heap before
{Heap before GC invocations=17 (full 3):
 PSYoungGen      total 104960K, used 97593K [0x00000000f5580000, 0x00000000fdd80000, 0x0000000100000000)
  eden space 73728K, 100% used [0x00000000f5580000,0x00000000f9d80000,0x00000000f9d80000)
  from space 31232K, 76% used [0x00000000f9f00000,0x00000000fb64e590,0x00000000fbd80000)
  to   space 32768K, 0% used [0x00000000fbd80000,0x00000000fbd80000,0x00000000fdd80000)
 ParOldGen       total 123392K, used 37305K [0x00000000e0000000, 0x00000000e7880000, 0x00000000f5580000)
  object space 123392K, 30% used [0x00000000e0000000,0x00000000e246e610,0x00000000e7880000)
 Metaspace       used 79385K, capacity 85396K, committed 85632K, reserved 1124352K
  class space    used 9681K, capacity 11592K, committed 11648K, reserved 1048576K
Event: 475.753 GC heap after
Heap after GC invocations=17 (full 3):
 PSYoungGen      total 104960K, used 24339K [0x00000000f5580000, 0x00000000fdf00000, 0x0000000100000000)
  eden space 72192K, 0% used [0x00000000f5580000,0x00000000f5580000,0x00000000f9c00000)
  from space 32768K, 74% used [0x00000000fbd80000,0x00000000fd544da0,0x00000000fdd80000)
  to   space 34304K, 0% used [0x00000000f9c00000,0x00000000f9c00000,0x00000000fbd80000)
 ParOldGen       total 123392K, used 37313K [0x00000000e0000000, 0x00000000e7880000, 0x00000000f5580000)
  object space 123392K, 30% used [0x00000000e0000000,0x00000000e2470610,0x00000000e7880000)
 Metaspace       used 79385K, capacity 85396K, committed 85632K, reserved 1124352K
  class space    used 9681K, capacity 11592K, committed 11648K, reserved 1048576K
}
Event: 543.498 GC heap before
{Heap before GC invocations=18 (full 3):
 PSYoungGen      total 104960K, used 96531K [0x00000000f5580000, 0x00000000fdf00000, 0x0000000100000000)
  eden space 72192K, 100% used [0x00000000f5580000,0x00000000f9c00000,0x00000000f9c00000)
  from space 32768K, 74% used [0x00000000fbd80000,0x00000000fd544da0,0x00000000fdd80000)
  to   space 34304K, 0% used [0x00000000f9c00000,0x00000000f9c00000,0x00000000fbd80000)
 ParOldGen       total 123392K, used 37313K [0x00000000e0000000, 0x00000000e7880000, 0x00000000f5580000)
  object space 123392K, 30% used [0x00000000e0000000,0x00000000e2470610,0x00000000e7880000)
 Metaspace       used 80006K, capacity 86138K, committed 86400K, reserved 1124352K
  class space    used 9711K, capacity 11625K, committed 11648K, reserved 1048576K
Event: 543.533 GC heap after
Heap after GC invocations=18 (full 3):
 PSYoungGen      total 95232K, used 24273K [0x00000000f5580000, 0x00000000fdf80000, 0x0000000100000000)
  eden space 70656K, 0% used [0x00000000f5580000,0x00000000f5580000,0x00000000f9a80000)
  from space 24576K, 98% used [0x00000000f9c00000,0x00000000fb3b45c8,0x00000000fb400000)
  to   space 35328K, 0% used [0x00000000fbd00000,0x00000000fbd00000,0x00000000fdf80000)
 ParOldGen       total 123392K, used 37321K [0x00000000e0000000, 0x00000000e7880000, 0x00000000f5580000)
  object space 123392K, 30% used [0x00000000e0000000,0x00000000e2472610,0x00000000e7880000)
 Metaspace       used 80006K, capacity 86138K, committed 86400K, reserved 1124352K
  class space    used 9711K, capacity 11625K, committed 11648K, reserved 1048576K
}
Event: 685.101 GC heap before
{Heap before GC invocations=19 (full 3):
 PSYoungGen      total 95232K, used 94929K [0x00000000f5580000, 0x00000000fdf80000, 0x0000000100000000)
  eden space 70656K, 100% used [0x00000000f5580000,0x00000000f9a80000,0x00000000f9a80000)
  from space 24576K, 98% used [0x00000000f9c00000,0x00000000fb3b45c8,0x00000000fb400000)
  to   space 35328K, 0% used [0x00000000fbd00000,0x00000000fbd00000,0x00000000fdf80000)
 ParOldGen       total 123392K, used 37321K [0x00000000e0000000, 0x00000000e7880000, 0x00000000f5580000)
  object space 123392K, 30% used [0x00000000e0000000,0x00000000e2472610,0x00000000e7880000)
 Metaspace       used 80857K, capacity 86986K, committed 87296K, reserved 1124352K
  class space    used 9794K, capacity 11759K, committed 11776K, reserved 1048576K
Event: 685.140 GC heap after
Heap after GC invocations=19 (full 3):
 PSYoungGen      total 103936K, used 24826K [0x00000000f5580000, 0x00000000fdf00000, 0x0000000100000000)
  eden space 69120K, 0% used [0x00000000f5580000,0x00000000f5580000,0x00000000f9900000)
  from space 34816K, 71% used [0x00000000fbd00000,0x00000000fd53e898,0x00000000fdf00000)
  to   space 35840K, 0% used [0x00000000f9900000,0x00000000f9900000,0x00000000fbc00000)
 ParOldGen       total 123392K, used 37329K [0x00000000e0000000, 0x00000000e7880000, 0x00000000f5580000)
  object space 123392K, 30% used [0x00000000e0000000,0x00000000e2474610,0x00000000e7880000)
 Metaspace       used 80857K, capacity 86986K, committed 87296K, reserved 1124352K
  class space    used 9794K, capacity 11759K, committed 11776K, reserved 1048576K
}
Event: 710.665 GC heap before
{Heap before GC invocations=20 (full 3):
 PSYoungGen      total 103936K, used 93946K [0x00000000f5580000, 0x00000000fdf00000, 0x0000000100000000)
  eden space 69120K, 100% used [0x00000000f5580000,0x00000000f9900000,0x00000000f9900000)
  from space 34816K, 71% used [0x00000000fbd00000,0x00000000fd53e898,0x00000000fdf00000)
  to   space 35840K, 0% used [0x00000000f9900000,0x00000000f9900000,0x00000000fbc00000)
 ParOldGen       total 123392K, used 37329K [0x00000000e0000000, 0x00000000e7880000, 0x00000000f5580000)
  object space 123392K, 30% used [0x00000000e0000000,0x00000000e2474610,0x00000000e7880000)
 Metaspace       used 81073K, capacity 87242K, committed 87552K, reserved 1124352K
  class space    used 9795K, capacity 11759K, committed 11776K, reserved 1048576K
Event: 710.701 GC heap after
Heap after GC invocations=20 (full 3):
 PSYoungGen      total 91648K, used 23932K [0x00000000f5580000, 0x00000000fde80000, 0x0000000100000000)
  eden space 67584K, 0% used [0x00000000f5580000,0x00000000f5580000,0x00000000f9780000)
  from space 24064K, 99% used [0x00000000f9900000,0x00000000fb05f148,0x00000000fb080000)
  to   space 36352K, 0% used [0x00000000fbb00000,0x00000000fbb00000,0x00000000fde80000)
 ParOldGen       total 123392K, used 37337K [0x00000000e0000000, 0x00000000e7880000, 0x00000000f5580000)
  object space 123392K, 30% used [0x00000000e0000000,0x00000000e2476610,0x00000000e7880000)
 Metaspace       used 81073K, capacity 87242K, committed 87552K, reserved 1124352K
  class space    used 9795K, capacity 11759K, committed 11776K, reserved 1048576K
}
Event: 784.940 GC heap before
{Heap before GC invocations=21 (full 3):
 PSYoungGen      total 91648K, used 91516K [0x00000000f5580000, 0x00000000fde80000, 0x0000000100000000)
  eden space 67584K, 100% used [0x00000000f5580000,0x00000000f9780000,0x00000000f9780000)
  from space 24064K, 99% used [0x00000000f9900000,0x00000000fb05f148,0x00000000fb080000)
  to   space 36352K, 0% used [0x00000000fbb00000,0x00000000fbb00000,0x00000000fde80000)
 ParOldGen       total 123392K, used 37337K [0x00000000e0000000, 0x00000000e7880000, 0x00000000f5580000)
  object space 123392K, 30% used [0x00000000e0000000,0x00000000e2476610,0x00000000e7880000)
 Metaspace       used 81249K, capacity 87446K, committed 87552K, reserved 1124352K
  class space    used 9797K, capacity 11761K, committed 11776K, reserved 1048576K
Event: 784.974 GC heap after
Heap after GC invocations=21 (full 3):
 PSYoungGen      total 100864K, used 23888K [0x00000000f5580000, 0x00000000fdd00000, 0x0000000100000000)
  eden space 66048K, 0% used [0x00000000f5580000,0x00000000f5580000,0x00000000f9600000)
  from space 34816K, 68% used [0x00000000fbb00000,0x00000000fd254008,0x00000000fdd00000)
  to   space 36352K, 0% used [0x00000000f9600000,0x00000000f9600000,0x00000000fb980000)
 ParOldGen       total 123392K, used 37345K [0x00000000e0000000, 0x00000000e7880000, 0x00000000f5580000)
  object space 123392K, 30% used [0x00000000e0000000,0x00000000e2478610,0x00000000e7880000)
 Metaspace       used 81249K, capacity 87446K, committed 87552K, reserved 1124352K
  class space    used 9797K, capacity 11761K, committed 11776K, reserved 1048576K
}

