# JRE version: Java(TM) SE Runtime Environment (8.0_45-b15) (build 1.8.0_45-b15)
# Java VM: Java HotSpot(TM) 64-Bit Server VM (25.45-b02 mixed mode windows-amd64 compressed oops)
Heap:
 PSYoungGen      total 119296K, used 24557K [0x00000000f5580000, 0x00000000fe280000, 0x0000000100000000)
  eden space 95232K, 25% used [0x00000000f5580000,0x00000000f6d7b5c8,0x00000000fb280000)
  from space 24064K, 0% used [0x00000000fcb00000,0x00000000fcb00000,0x00000000fe280000)
  to   space 24576K, 0% used [0x00000000fb280000,0x00000000fb280000,0x00000000fca80000)
 ParOldGen       total 102400K, used 46338K [0x00000000e0000000, 0x00000000e6400000, 0x00000000f5580000)
  object space 102400K, 45% used [0x00000000e0000000,0x00000000e2d40908,0x00000000e6400000)
 Metaspace       used 71764K, capacity 77656K, committed 77696K, reserved 1116160K
  class space    used 8850K, capacity 10612K, committed 10624K, reserved 1048576K
GC Heap History (10 events):
Event: 185.159 GC heap before
{Heap before GC invocations=20 (full 6):
 PSYoungGen      total 119296K, used 160K [0x00000000f5580000, 0x00000000fe380000, 0x0000000100000000)
  eden space 94720K, 0% used [0x00000000f5580000,0x00000000f5580000,0x00000000fb200000)
  from space 24576K, 0% used [0x00000000fca80000,0x00000000fcaa8000,0x00000000fe280000)
  to   space 25088K, 0% used [0x00000000fb200000,0x00000000fb200000,0x00000000fca80000)
 ParOldGen       total 102400K, used 45590K [0x00000000e0000000, 0x00000000e6400000, 0x00000000f5580000)
  object space 102400K, 44% used [0x00000000e0000000,0x00000000e2c858e8,0x00000000e6400000)
 Metaspace       used 70228K, capacity 75890K, committed 76160K, reserved 1114112K
  class space    used 8700K, capacity 10514K, committed 10624K, reserved 1048576K
Event: 185.324 GC heap after
Heap after GC invocations=20 (full 6):
 PSYoungGen      total 119296K, used 0K [0x00000000f5580000, 0x00000000fe380000, 0x0000000100000000)
  eden space 94720K, 0% used [0x00000000f5580000,0x00000000f5580000,0x00000000fb200000)
  from space 24576K, 0% used [0x00000000fca80000,0x00000000fca80000,0x00000000fe280000)
  to   space 25088K, 0% used [0x00000000fb200000,0x00000000fb200000,0x00000000fca80000)
 ParOldGen       total 102400K, used 45585K [0x00000000e0000000, 0x00000000e6400000, 0x00000000f5580000)
  object space 102400K, 44% used [0x00000000e0000000,0x00000000e2c847d0,0x00000000e6400000)
 Metaspace       used 70228K, capacity 75890K, committed 76160K, reserved 1114112K
  class space    used 8700K, capacity 10514K, committed 10624K, reserved 1048576K
}
Event: 245.170 GC heap before
{Heap before GC invocations=21 (full 6):
 PSYoungGen      total 119296K, used 4407K [0x00000000f5580000, 0x00000000fe380000, 0x0000000100000000)
  eden space 94720K, 4% used [0x00000000f5580000,0x00000000f59cdc38,0x00000000fb200000)
  from space 24576K, 0% used [0x00000000fca80000,0x00000000fca80000,0x00000000fe280000)
  to   space 25088K, 0% used [0x00000000fb200000,0x00000000fb200000,0x00000000fca80000)
 ParOldGen       total 102400K, used 45585K [0x00000000e0000000, 0x00000000e6400000, 0x00000000f5580000)
  object space 102400K, 44% used [0x00000000e0000000,0x00000000e2c847d0,0x00000000e6400000)
 Metaspace       used 70241K, capacity 75890K, committed 76160K, reserved 1114112K
  class space    used 8700K, capacity 10514K, committed 10624K, reserved 1048576K
Event: 245.177 GC heap after
Heap after GC invocations=21 (full 6):
 PSYoungGen      total 119808K, used 128K [0x00000000f5580000, 0x00000000fe380000, 0x0000000100000000)
  eden space 94720K, 0% used [0x00000000f5580000,0x00000000f5580000,0x00000000fb200000)
  from space 25088K, 0% used [0x00000000fb200000,0x00000000fb220000,0x00000000fca80000)
  to   space 25088K, 0% used [0x00000000fcb00000,0x00000000fcb00000,0x00000000fe380000)
 ParOldGen       total 102400K, used 45593K [0x00000000e0000000, 0x00000000e6400000, 0x00000000f5580000)
  object space 102400K, 44% used [0x00000000e0000000,0x00000000e2c867d0,0x00000000e6400000)
 Metaspace       used 70241K, capacity 75890K, committed 76160K, reserved 1114112K
  class space    used 8700K, capacity 10514K, committed 10624K, reserved 1048576K
}
Event: 245.177 GC heap before
{Heap before GC invocations=22 (full 7):
 PSYoungGen      total 119808K, used 128K [0x00000000f5580000, 0x00000000fe380000, 0x0000000100000000)
  eden space 94720K, 0% used [0x00000000f5580000,0x00000000f5580000,0x00000000fb200000)
  from space 25088K, 0% used [0x00000000fb200000,0x00000000fb220000,0x00000000fca80000)
  to   space 25088K, 0% used [0x00000000fcb00000,0x00000000fcb00000,0x00000000fe380000)
 ParOldGen       total 102400K, used 45593K [0x00000000e0000000, 0x00000000e6400000, 0x00000000f5580000)
  object space 102400K, 44% used [0x00000000e0000000,0x00000000e2c867d0,0x00000000e6400000)
 Metaspace       used 70241K, capacity 75890K, committed 76160K, reserved 1114112K
  class space    used 8700K, capacity 10514K, committed 10624K, reserved 1048576K
Event: 245.430 GC heap after
Heap after GC invocations=22 (full 7):
 PSYoungGen      total 119808K, used 0K [0x00000000f5580000, 0x00000000fe380000, 0x0000000100000000)
  eden space 94720K, 0% used [0x00000000f5580000,0x00000000f5580000,0x00000000fb200000)
  from space 25088K, 0% used [0x00000000fb200000,0x00000000fb200000,0x00000000fca80000)
  to   space 25088K, 0% used [0x00000000fcb00000,0x00000000fcb00000,0x00000000fe380000)
 ParOldGen       total 102400K, used 45583K [0x00000000e0000000, 0x00000000e6400000, 0x00000000f5580000)
  object space 102400K, 44% used [0x00000000e0000000,0x00000000e2c83c68,0x00000000e6400000)
 Metaspace       used 70241K, capacity 75890K, committed 76160K, reserved 1114112K
  class space    used 8700K, capacity 10514K, committed 10624K, reserved 1048576K
}
Event: 310.592 GC heap before
{Heap before GC invocations=23 (full 7):
 PSYoungGen      total 119808K, used 10638K [0x00000000f5580000, 0x00000000fe380000, 0x0000000100000000)
  eden space 94720K, 11% used [0x00000000f5580000,0x00000000f5fe3928,0x00000000fb200000)
  from space 25088K, 0% used [0x00000000fb200000,0x00000000fb200000,0x00000000fca80000)
  to   space 25088K, 0% used [0x00000000fcb00000,0x00000000fcb00000,0x00000000fe380000)
 ParOldGen       total 102400K, used 45583K [0x00000000e0000000, 0x00000000e6400000, 0x00000000f5580000)
  object space 102400K, 44% used [0x00000000e0000000,0x00000000e2c83c68,0x00000000e6400000)
 Metaspace       used 70707K, capacity 76434K, committed 76672K, reserved 1116160K
  class space    used 8734K, capacity 10546K, committed 10624K, reserved 1048576K
Event: 310.603 GC heap after
Heap after GC invocations=23 (full 7):
 PSYoungGen      total 119296K, used 912K [0x00000000f5580000, 0x00000000fe280000, 0x0000000100000000)
  eden space 95232K, 0% used [0x00000000f5580000,0x00000000f5580000,0x00000000fb280000)
  from space 24064K, 3% used [0x00000000fcb00000,0x00000000fcbe4078,0x00000000fe280000)
  to   space 24576K, 0% used [0x00000000fb280000,0x00000000fb280000,0x00000000fca80000)
 ParOldGen       total 102400K, used 45583K [0x00000000e0000000, 0x00000000e6400000, 0x00000000f5580000)
  object space 102400K, 44% used [0x00000000e0000000,0x00000000e2c83c68,0x00000000e6400000)
 Metaspace       used 70707K, capacity 76434K, committed 76672K, reserved 1116160K
  class space    used 8734K, capacity 10546K, committed 10624K, reserved 1048576K
}
Event: 310.603 GC heap before
{Heap before GC invocations=24 (full 8):
 PSYoungGen      total 119296K, used 912K [0x00000000f5580000, 0x00000000fe280000, 0x0000000100000000)
  eden space 95232K, 0% used [0x00000000f5580000,0x00000000f5580000,0x00000000fb280000)
  from space 24064K, 3% used [0x00000000fcb00000,0x00000000fcbe4078,0x00000000fe280000)
  to   space 24576K, 0% used [0x00000000fb280000,0x00000000fb280000,0x00000000fca80000)
 ParOldGen       total 102400K, used 45583K [0x00000000e0000000, 0x00000000e6400000, 0x00000000f5580000)
  object space 102400K, 44% used [0x00000000e0000000,0x00000000e2c83c68,0x00000000e6400000)
 Metaspace       used 70707K, capacity 76434K, committed 76672K, reserved 1116160K
  class space    used 8734K, capacity 10546K, committed 10624K, reserved 1048576K
Event: 310.942 GC heap after
Heap after GC invocations=24 (full 8):
 PSYoungGen      total 119296K, used 0K [0x00000000f5580000, 0x00000000fe280000, 0x0000000100000000)
  eden space 95232K, 0% used [0x00000000f5580000,0x00000000f5580000,0x00000000fb280000)
  from space 24064K, 0% used [0x00000000fcb00000,0x00000000fcb00000,0x00000000fe280000)
  to   space 24576K, 0% used [0x00000000fb280000,0x00000000fb280000,0x00000000fca80000)
 ParOldGen       total 102400K, used 46338K [0x00000000e0000000, 0x00000000e6400000, 0x00000000f5580000)
  object space 102400K, 45% used [0x00000000e0000000,0x00000000e2d40908,0x00000000e6400000)
 Metaspace       used 70707K, capacity 76434K, committed 76672K, reserved 1116160K
  class space    used 8734K, capacity 10546K, committed 10624K, reserved 1048576K
}

