# JRE version: Java(TM) SE Runtime Environment (8.0_45-b15) (build 1.8.0_45-b15)
# Java VM: Java HotSpot(TM) 64-Bit Server VM (25.45-b02 mixed mode windows-amd64 compressed oops)
Heap:
 PSYoungGen      total 32768K, used 16732K [0x00000000f5580000, 0x00000000f7b80000, 0x0000000100000000)
  eden space 28672K, 52% used [0x00000000f5580000,0x00000000f644ef10,0x00000000f7180000)
  from space 4096K, 38% used [0x00000000f7780000,0x00000000f7908420,0x00000000f7b80000)
  to   space 5120K, 0% used [0x00000000f7180000,0x00000000f7180000,0x00000000f7680000)
 ParOldGen       total 102912K, used 61305K [0x00000000e0000000, 0x00000000e6480000, 0x00000000f5580000)
  object space 102912K, 59% used [0x00000000e0000000,0x00000000e3bde730,0x00000000e6480000)
 Metaspace       used 94654K, capacity 101314K, committed 101760K, reserved 1138688K
  class space    used 10958K, capacity 13077K, committed 13184K, reserved 1048576K
GC Heap History (10 events):
Event: 25913.817 GC heap before
{Heap before GC invocations=432 (full 22):
 PSYoungGen      total 33792K, used 30097K [0x00000000f5580000, 0x00000000f7b80000, 0x0000000100000000)
  eden space 28672K, 100% used [0x00000000f5580000,0x00000000f7180000,0x00000000f7180000)
  from space 5120K, 27% used [0x00000000f7180000,0x00000000f72e4440,0x00000000f7680000)
  to   space 5120K, 0% used [0x00000000f7680000,0x00000000f7680000,0x00000000f7b80000)
 ParOldGen       total 102912K, used 61145K [0x00000000e0000000, 0x00000000e6480000, 0x00000000f5580000)
  object space 102912K, 59% used [0x00000000e0000000,0x00000000e3bb6730,0x00000000e6480000)
 Metaspace       used 93983K, capacity 100688K, committed 101120K, reserved 1136640K
  class space    used 10882K, capacity 12978K, committed 13056K, reserved 1048576K
Event: 25913.825 GC heap after
Heap after GC invocations=432 (full 22):
 PSYoungGen      total 33280K, used 3451K [0x00000000f5580000, 0x00000000f7c80000, 0x0000000100000000)
  eden space 28160K, 0% used [0x00000000f5580000,0x00000000f5580000,0x00000000f7100000)
  from space 5120K, 67% used [0x00000000f7680000,0x00000000f79ded60,0x00000000f7b80000)
  to   space 5632K, 0% used [0x00000000f7100000,0x00000000f7100000,0x00000000f7680000)
 ParOldGen       total 102912K, used 61177K [0x00000000e0000000, 0x00000000e6480000, 0x00000000f5580000)
  object space 102912K, 59% used [0x00000000e0000000,0x00000000e3bbe730,0x00000000e6480000)
 Metaspace       used 93983K, capacity 100688K, committed 101120K, reserved 1136640K
  class space    used 10882K, capacity 12978K, committed 13056K, reserved 1048576K
}
Event: 25921.472 GC heap before
{Heap before GC invocations=433 (full 22):
 PSYoungGen      total 33280K, used 31611K [0x00000000f5580000, 0x00000000f7c80000, 0x0000000100000000)
  eden space 28160K, 100% used [0x00000000f5580000,0x00000000f7100000,0x00000000f7100000)
  from space 5120K, 67% used [0x00000000f7680000,0x00000000f79ded60,0x00000000f7b80000)
  to   space 5632K, 0% used [0x00000000f7100000,0x00000000f7100000,0x00000000f7680000)
 ParOldGen       total 102912K, used 61177K [0x00000000e0000000, 0x00000000e6480000, 0x00000000f5580000)
  object space 102912K, 59% used [0x00000000e0000000,0x00000000e3bbe730,0x00000000e6480000)
 Metaspace       used 93983K, capacity 100688K, committed 101120K, reserved 1136640K
  class space    used 10882K, capacity 12978K, committed 13056K, reserved 1048576K
Event: 25921.480 GC heap after
Heap after GC invocations=433 (full 22):
 PSYoungGen      total 33792K, used 3163K [0x00000000f5580000, 0x00000000f7c00000, 0x0000000100000000)
  eden space 28160K, 0% used [0x00000000f5580000,0x00000000f5580000,0x00000000f7100000)
  from space 5632K, 56% used [0x00000000f7100000,0x00000000f7416c00,0x00000000f7680000)
  to   space 5632K, 0% used [0x00000000f7680000,0x00000000f7680000,0x00000000f7c00000)
 ParOldGen       total 102912K, used 61201K [0x00000000e0000000, 0x00000000e6480000, 0x00000000f5580000)
  object space 102912K, 59% used [0x00000000e0000000,0x00000000e3bc4730,0x00000000e6480000)
 Metaspace       used 93983K, capacity 100688K, committed 101120K, reserved 1136640K
  class space    used 10882K, capacity 12978K, committed 13056K, reserved 1048576K
}
Event: 25921.728 GC heap before
{Heap before GC invocations=434 (full 22):
 PSYoungGen      total 33792K, used 31323K [0x00000000f5580000, 0x00000000f7c00000, 0x0000000100000000)
  eden space 28160K, 100% used [0x00000000f5580000,0x00000000f7100000,0x00000000f7100000)
  from space 5632K, 56% used [0x00000000f7100000,0x00000000f7416c00,0x00000000f7680000)
  to   space 5632K, 0% used [0x00000000f7680000,0x00000000f7680000,0x00000000f7c00000)
 ParOldGen       total 102912K, used 61201K [0x00000000e0000000, 0x00000000e6480000, 0x00000000f5580000)
  object space 102912K, 59% used [0x00000000e0000000,0x00000000e3bc4730,0x00000000e6480000)
 Metaspace       used 93983K, capacity 100688K, committed 101120K, reserved 1136640K
  class space    used 10882K, capacity 12978K, committed 13056K, reserved 1048576K
Event: 25921.733 GC heap after
Heap after GC invocations=434 (full 22):
 PSYoungGen      total 34304K, used 1405K [0x00000000f5580000, 0x00000000f7c00000, 0x0000000100000000)
  eden space 28672K, 0% used [0x00000000f5580000,0x00000000f5580000,0x00000000f7180000)
  from space 5632K, 24% used [0x00000000f7680000,0x00000000f77df600,0x00000000f7c00000)
  to   space 5120K, 0% used [0x00000000f7180000,0x00000000f7180000,0x00000000f7680000)
 ParOldGen       total 102912K, used 61241K [0x00000000e0000000, 0x00000000e6480000, 0x00000000f5580000)
  object space 102912K, 59% used [0x00000000e0000000,0x00000000e3bce730,0x00000000e6480000)
 Metaspace       used 93983K, capacity 100688K, committed 101120K, reserved 1136640K
  class space    used 10882K, capacity 12978K, committed 13056K, reserved 1048576K
}
Event: 25922.828 GC heap before
{Heap before GC invocations=435 (full 22):
 PSYoungGen      total 34304K, used 30077K [0x00000000f5580000, 0x00000000f7c00000, 0x0000000100000000)
  eden space 28672K, 100% used [0x00000000f5580000,0x00000000f7180000,0x00000000f7180000)
  from space 5632K, 24% used [0x00000000f7680000,0x00000000f77df600,0x00000000f7c00000)
  to   space 5120K, 0% used [0x00000000f7180000,0x00000000f7180000,0x00000000f7680000)
 ParOldGen       total 102912K, used 61241K [0x00000000e0000000, 0x00000000e6480000, 0x00000000f5580000)
  object space 102912K, 59% used [0x00000000e0000000,0x00000000e3bce730,0x00000000e6480000)
 Metaspace       used 93983K, capacity 100688K, committed 101120K, reserved 1136640K
  class space    used 10882K, capacity 12978K, committed 13056K, reserved 1048576K
Event: 25922.835 GC heap after
Heap after GC invocations=435 (full 22):
 PSYoungGen      total 33792K, used 3162K [0x00000000f5580000, 0x00000000f7c80000, 0x0000000100000000)
  eden space 28672K, 0% used [0x00000000f5580000,0x00000000f5580000,0x00000000f7180000)
  from space 5120K, 61% used [0x00000000f7180000,0x00000000f7496bf0,0x00000000f7680000)
  to   space 5120K, 0% used [0x00000000f7780000,0x00000000f7780000,0x00000000f7c80000)
 ParOldGen       total 102912K, used 61273K [0x00000000e0000000, 0x00000000e6480000, 0x00000000f5580000)
  object space 102912K, 59% used [0x00000000e0000000,0x00000000e3bd6730,0x00000000e6480000)
 Metaspace       used 93983K, capacity 100688K, committed 101120K, reserved 1136640K
  class space    used 10882K, capacity 12978K, committed 13056K, reserved 1048576K
}
Event: 25932.296 GC heap before
{Heap before GC invocations=436 (full 22):
 PSYoungGen      total 33792K, used 31834K [0x00000000f5580000, 0x00000000f7c80000, 0x0000000100000000)
  eden space 28672K, 100% used [0x00000000f5580000,0x00000000f7180000,0x00000000f7180000)
  from space 5120K, 61% used [0x00000000f7180000,0x00000000f7496bf0,0x00000000f7680000)
  to   space 5120K, 0% used [0x00000000f7780000,0x00000000f7780000,0x00000000f7c80000)
 ParOldGen       total 102912K, used 61273K [0x00000000e0000000, 0x00000000e6480000, 0x00000000f5580000)
  object space 102912K, 59% used [0x00000000e0000000,0x00000000e3bd6730,0x00000000e6480000)
 Metaspace       used 94219K, capacity 100860K, committed 101120K, reserved 1136640K
  class space    used 10912K, capacity 13012K, committed 13056K, reserved 1048576K
Event: 25932.303 GC heap after
Heap after GC invocations=436 (full 22):
 PSYoungGen      total 32768K, used 1569K [0x00000000f5580000, 0x00000000f7b80000, 0x0000000100000000)
  eden space 28672K, 0% used [0x00000000f5580000,0x00000000f5580000,0x00000000f7180000)
  from space 4096K, 38% used [0x00000000f7780000,0x00000000f7908420,0x00000000f7b80000)
  to   space 5120K, 0% used [0x00000000f7180000,0x00000000f7180000,0x00000000f7680000)
 ParOldGen       total 102912K, used 61305K [0x00000000e0000000, 0x00000000e6480000, 0x00000000f5580000)
  object space 102912K, 59% used [0x00000000e0000000,0x00000000e3bde730,0x00000000e6480000)
 Metaspace       used 94219K, capacity 100860K, committed 101120K, reserved 1136640K
  class space    used 10912K, capacity 13012K, committed 13056K, reserved 1048576K
}

