# JRE version: Java(TM) SE Runtime Environment (8.0_45-b15) (build 1.8.0_45-b15)
# Java VM: Java HotSpot(TM) 64-Bit Server VM (25.45-b02 mixed mode windows-amd64 compressed oops)
Heap:
 PSYoungGen      total 89600K, used 63242K [0x00000000f5580000, 0x00000000fbd80000, 0x0000000100000000)
  eden space 77824K, 75% used [0x00000000f5580000,0x00000000f8f25300,0x00000000fa180000)
  from space 11776K, 35% used [0x00000000fb200000,0x00000000fb61d7c8,0x00000000fbd80000)
  to   space 14336K, 0% used [0x00000000fa180000,0x00000000fa180000,0x00000000faf80000)
 ParOldGen       total 98304K, used 48793K [0x00000000e0000000, 0x00000000e6000000, 0x00000000f5580000)
  object space 98304K, 49% used [0x00000000e0000000,0x00000000e2fa67a0,0x00000000e6000000)
 Metaspace       used 84109K, capacity 90638K, committed 90880K, reserved 1128448K
  class space    used 10075K, capacity 12170K, committed 12288K, reserved 1048576K
GC Heap History (10 events):
Event: 1048.946 GC heap before
{Heap before GC invocations=32 (full 6):
 PSYoungGen      total 94208K, used 94112K [0x00000000f5580000, 0x00000000fd080000, 0x0000000100000000)
  eden space 90112K, 100% used [0x00000000f5580000,0x00000000fad80000,0x00000000fad80000)
  from space 4096K, 97% used [0x00000000fb000000,0x00000000fb3e81b8,0x00000000fb400000)
  to   space 17920K, 0% used [0x00000000fbf00000,0x00000000fbf00000,0x00000000fd080000)
 ParOldGen       total 98304K, used 47479K [0x00000000e0000000, 0x00000000e6000000, 0x00000000f5580000)
  object space 98304K, 48% used [0x00000000e0000000,0x00000000e2e5de70,0x00000000e6000000)
 Metaspace       used 82157K, capacity 88932K, committed 89088K, reserved 1126400K
  class space    used 9811K, capacity 11945K, committed 12032K, reserved 1048576K
Event: 1048.955 GC heap after
Heap after GC invocations=32 (full 6):
 PSYoungGen      total 100864K, used 4063K [0x00000000f5580000, 0x00000000fcc00000, 0x0000000100000000)
  eden space 87552K, 0% used [0x00000000f5580000,0x00000000f5580000,0x00000000fab00000)
  from space 13312K, 30% used [0x00000000fbf00000,0x00000000fc2f7ef8,0x00000000fcc00000)
  to   space 16896K, 0% used [0x00000000fab00000,0x00000000fab00000,0x00000000fbb80000)
 ParOldGen       total 98304K, used 47487K [0x00000000e0000000, 0x00000000e6000000, 0x00000000f5580000)
  object space 98304K, 48% used [0x00000000e0000000,0x00000000e2e5fe70,0x00000000e6000000)
 Metaspace       used 82157K, capacity 88932K, committed 89088K, reserved 1126400K
  class space    used 9811K, capacity 11945K, committed 12032K, reserved 1048576K
}
Event: 1050.965 GC heap before
{Heap before GC invocations=33 (full 6):
 PSYoungGen      total 100864K, used 91615K [0x00000000f5580000, 0x00000000fcc00000, 0x0000000100000000)
  eden space 87552K, 100% used [0x00000000f5580000,0x00000000fab00000,0x00000000fab00000)
  from space 13312K, 30% used [0x00000000fbf00000,0x00000000fc2f7ef8,0x00000000fcc00000)
  to   space 16896K, 0% used [0x00000000fab00000,0x00000000fab00000,0x00000000fbb80000)
 ParOldGen       total 98304K, used 47487K [0x00000000e0000000, 0x00000000e6000000, 0x00000000f5580000)
  object space 98304K, 48% used [0x00000000e0000000,0x00000000e2e5fe70,0x00000000e6000000)
 Metaspace       used 82240K, capacity 88996K, committed 89344K, reserved 1126400K
  class space    used 9811K, capacity 11945K, committed 12032K, reserved 1048576K
Event: 1050.986 GC heap after
Heap after GC invocations=33 (full 6):
 PSYoungGen      total 91136K, used 5837K [0x00000000f5580000, 0x00000000fc880000, 0x0000000100000000)
  eden space 84992K, 0% used [0x00000000f5580000,0x00000000f5580000,0x00000000fa880000)
  from space 6144K, 95% used [0x00000000fab00000,0x00000000fb0b35d8,0x00000000fb100000)
  to   space 16384K, 0% used [0x00000000fb880000,0x00000000fb880000,0x00000000fc880000)
 ParOldGen       total 98304K, used 47487K [0x00000000e0000000, 0x00000000e6000000, 0x00000000f5580000)
  object space 98304K, 48% used [0x00000000e0000000,0x00000000e2e5fe70,0x00000000e6000000)
 Metaspace       used 82240K, capacity 88996K, committed 89344K, reserved 1126400K
  class space    used 9811K, capacity 11945K, committed 12032K, reserved 1048576K
}
Event: 1059.491 GC heap before
{Heap before GC invocations=34 (full 6):
 PSYoungGen      total 91136K, used 90829K [0x00000000f5580000, 0x00000000fc880000, 0x0000000100000000)
  eden space 84992K, 100% used [0x00000000f5580000,0x00000000fa880000,0x00000000fa880000)
  from space 6144K, 95% used [0x00000000fab00000,0x00000000fb0b35d8,0x00000000fb100000)
  to   space 16384K, 0% used [0x00000000fb880000,0x00000000fb880000,0x00000000fc880000)
 ParOldGen       total 98304K, used 47487K [0x00000000e0000000, 0x00000000e6000000, 0x00000000f5580000)
  object space 98304K, 48% used [0x00000000e0000000,0x00000000e2e5fe70,0x00000000e6000000)
 Metaspace       used 82347K, capacity 88996K, committed 89344K, reserved 1126400K
  class space    used 9811K, capacity 11945K, committed 12032K, reserved 1048576K
Event: 1059.502 GC heap after
Heap after GC invocations=34 (full 6):
 PSYoungGen      total 94208K, used 5833K [0x00000000f5580000, 0x00000000fc400000, 0x0000000100000000)
  eden space 82432K, 0% used [0x00000000f5580000,0x00000000f5580000,0x00000000fa600000)
  from space 11776K, 49% used [0x00000000fb880000,0x00000000fbe327a8,0x00000000fc400000)
  to   space 15360K, 0% used [0x00000000fa600000,0x00000000fa600000,0x00000000fb500000)
 ParOldGen       total 98304K, used 47487K [0x00000000e0000000, 0x00000000e6000000, 0x00000000f5580000)
  object space 98304K, 48% used [0x00000000e0000000,0x00000000e2e5fe70,0x00000000e6000000)
 Metaspace       used 82347K, capacity 88996K, committed 89344K, reserved 1126400K
  class space    used 9811K, capacity 11945K, committed 12032K, reserved 1048576K
}
Event: 1088.175 GC heap before
{Heap before GC invocations=35 (full 6):
 PSYoungGen      total 94208K, used 88265K [0x00000000f5580000, 0x00000000fc400000, 0x0000000100000000)
  eden space 82432K, 100% used [0x00000000f5580000,0x00000000fa600000,0x00000000fa600000)
  from space 11776K, 49% used [0x00000000fb880000,0x00000000fbe327a8,0x00000000fc400000)
  to   space 15360K, 0% used [0x00000000fa600000,0x00000000fa600000,0x00000000fb500000)
 ParOldGen       total 98304K, used 47487K [0x00000000e0000000, 0x00000000e6000000, 0x00000000f5580000)
  object space 98304K, 48% used [0x00000000e0000000,0x00000000e2e5fe70,0x00000000e6000000)
 Metaspace       used 82434K, capacity 89156K, committed 89344K, reserved 1126400K
  class space    used 9814K, capacity 11977K, committed 12032K, reserved 1048576K
Event: 1088.200 GC heap after
Heap after GC invocations=35 (full 6):
 PSYoungGen      total 83968K, used 3689K [0x00000000f5580000, 0x00000000fc080000, 0x0000000100000000)
  eden space 79872K, 0% used [0x00000000f5580000,0x00000000f5580000,0x00000000fa380000)
  from space 4096K, 90% used [0x00000000fa600000,0x00000000fa99a6f8,0x00000000faa00000)
  to   space 14848K, 0% used [0x00000000fb200000,0x00000000fb200000,0x00000000fc080000)
 ParOldGen       total 98304K, used 47495K [0x00000000e0000000, 0x00000000e6000000, 0x00000000f5580000)
  object space 98304K, 48% used [0x00000000e0000000,0x00000000e2e61e70,0x00000000e6000000)
 Metaspace       used 82434K, capacity 89156K, committed 89344K, reserved 1126400K
  class space    used 9814K, capacity 11977K, committed 12032K, reserved 1048576K
}
Event: 1092.031 GC heap before
{Heap before GC invocations=36 (full 6):
 PSYoungGen      total 83968K, used 83561K [0x00000000f5580000, 0x00000000fc080000, 0x0000000100000000)
  eden space 79872K, 100% used [0x00000000f5580000,0x00000000fa380000,0x00000000fa380000)
  from space 4096K, 90% used [0x00000000fa600000,0x00000000fa99a6f8,0x00000000faa00000)
  to   space 14848K, 0% used [0x00000000fb200000,0x00000000fb200000,0x00000000fc080000)
 ParOldGen       total 98304K, used 47495K [0x00000000e0000000, 0x00000000e6000000, 0x00000000f5580000)
  object space 98304K, 48% used [0x00000000e0000000,0x00000000e2e61e70,0x00000000e6000000)
 Metaspace       used 82493K, capacity 89220K, committed 89344K, reserved 1126400K
  class space    used 9814K, capacity 11977K, committed 12032K, reserved 1048576K
Event: 1092.043 GC heap after
Heap after GC invocations=36 (full 6):
 PSYoungGen      total 89600K, used 4213K [0x00000000f5580000, 0x00000000fbd80000, 0x0000000100000000)
  eden space 77824K, 0% used [0x00000000f5580000,0x00000000f5580000,0x00000000fa180000)
  from space 11776K, 35% used [0x00000000fb200000,0x00000000fb61d7c8,0x00000000fbd80000)
  to   space 14336K, 0% used [0x00000000fa180000,0x00000000fa180000,0x00000000faf80000)
 ParOldGen       total 98304K, used 48793K [0x00000000e0000000, 0x00000000e6000000, 0x00000000f5580000)
  object space 98304K, 49% used [0x00000000e0000000,0x00000000e2fa67a0,0x00000000e6000000)
 Metaspace       used 82493K, capacity 89220K, committed 89344K, reserved 1126400K
  class space    used 9814K, capacity 11977K, committed 12032K, reserved 1048576K
}

