# JRE version: Java(TM) SE Runtime Environment (8.0_45-b15) (build 1.8.0_45-b15)
# Java VM: Java HotSpot(TM) 64-Bit Server VM (25.45-b02 mixed mode windows-amd64 compressed oops)
Heap:
 PSYoungGen      total 103936K, used 27615K [0x00000000f5580000, 0x00000000fc980000, 0x0000000100000000)
  eden space 90112K, 30% used [0x00000000f5580000,0x00000000f7077c68,0x00000000fad80000)
  from space 13824K, 0% used [0x00000000fbc00000,0x00000000fbc00000,0x00000000fc980000)
  to   space 14336K, 0% used [0x00000000fad80000,0x00000000fad80000,0x00000000fbb80000)
 ParOldGen       total 114688K, used 36705K [0x00000000e0000000, 0x00000000e7000000, 0x00000000f5580000)
  object space 114688K, 32% used [0x00000000e0000000,0x00000000e23d85f0,0x00000000e7000000)
 Metaspace       used 79418K, capacity 85838K, committed 86272K, reserved 1124352K
  class space    used 9576K, capacity 11656K, committed 11776K, reserved 1048576K
GC Heap History (10 events):
Event: 12979.589 GC heap before
{Heap before GC invocations=46 (full 18):
 PSYoungGen      total 104960K, used 480K [0x00000000f5580000, 0x00000000fcc80000, 0x0000000100000000)
  eden space 90112K, 0% used [0x00000000f5580000,0x00000000f5580000,0x00000000fad80000)
  from space 14848K, 3% used [0x00000000fbe00000,0x00000000fbe78000,0x00000000fcc80000)
  to   space 15872K, 0% used [0x00000000fad80000,0x00000000fad80000,0x00000000fbd00000)
 ParOldGen       total 114688K, used 36651K [0x00000000e0000000, 0x00000000e7000000, 0x00000000f5580000)
  object space 114688K, 31% used [0x00000000e0000000,0x00000000e23cac90,0x00000000e7000000)
 Metaspace       used 78483K, capacity 85028K, committed 85376K, reserved 1122304K
  class space    used 9469K, capacity 11559K, committed 11648K, reserved 1048576K
Event: 12979.863 GC heap after
Heap after GC invocations=46 (full 18):
 PSYoungGen      total 104960K, used 0K [0x00000000f5580000, 0x00000000fcc80000, 0x0000000100000000)
  eden space 90112K, 0% used [0x00000000f5580000,0x00000000f5580000,0x00000000fad80000)
  from space 14848K, 0% used [0x00000000fbe00000,0x00000000fbe00000,0x00000000fcc80000)
  to   space 15872K, 0% used [0x00000000fad80000,0x00000000fad80000,0x00000000fbd00000)
 ParOldGen       total 114688K, used 36835K [0x00000000e0000000, 0x00000000e7000000, 0x00000000f5580000)
  object space 114688K, 32% used [0x00000000e0000000,0x00000000e23f8d78,0x00000000e7000000)
 Metaspace       used 78483K, capacity 85028K, committed 85376K, reserved 1122304K
  class space    used 9469K, capacity 11559K, committed 11648K, reserved 1048576K
}
Event: 13039.581 GC heap before
{Heap before GC invocations=47 (full 18):
 PSYoungGen      total 104960K, used 3228K [0x00000000f5580000, 0x00000000fcc80000, 0x0000000100000000)
  eden space 90112K, 3% used [0x00000000f5580000,0x00000000f58a73b0,0x00000000fad80000)
  from space 14848K, 0% used [0x00000000fbe00000,0x00000000fbe00000,0x00000000fcc80000)
  to   space 15872K, 0% used [0x00000000fad80000,0x00000000fad80000,0x00000000fbd00000)
 ParOldGen       total 114688K, used 36835K [0x00000000e0000000, 0x00000000e7000000, 0x00000000f5580000)
  object space 114688K, 32% used [0x00000000e0000000,0x00000000e23f8d78,0x00000000e7000000)
 Metaspace       used 78484K, capacity 85028K, committed 85376K, reserved 1122304K
  class space    used 9469K, capacity 11559K, committed 11648K, reserved 1048576K
Event: 13039.588 GC heap after
Heap after GC invocations=47 (full 18):
 PSYoungGen      total 90624K, used 128K [0x00000000f5580000, 0x00000000fca80000, 0x0000000100000000)
  eden space 90112K, 0% used [0x00000000f5580000,0x00000000f5580000,0x00000000fad80000)
  from space 512K, 25% used [0x00000000fad80000,0x00000000fada0000,0x00000000fae00000)
  to   space 14848K, 0% used [0x00000000fbc00000,0x00000000fbc00000,0x00000000fca80000)
 ParOldGen       total 114688K, used 36835K [0x00000000e0000000, 0x00000000e7000000, 0x00000000f5580000)
  object space 114688K, 32% used [0x00000000e0000000,0x00000000e23f8d78,0x00000000e7000000)
 Metaspace       used 78484K, capacity 85028K, committed 85376K, reserved 1122304K
  class space    used 9469K, capacity 11559K, committed 11648K, reserved 1048576K
}
Event: 13039.588 GC heap before
{Heap before GC invocations=48 (full 19):
 PSYoungGen      total 90624K, used 128K [0x00000000f5580000, 0x00000000fca80000, 0x0000000100000000)
  eden space 90112K, 0% used [0x00000000f5580000,0x00000000f5580000,0x00000000fad80000)
  from space 512K, 25% used [0x00000000fad80000,0x00000000fada0000,0x00000000fae00000)
  to   space 14848K, 0% used [0x00000000fbc00000,0x00000000fbc00000,0x00000000fca80000)
 ParOldGen       total 114688K, used 36835K [0x00000000e0000000, 0x00000000e7000000, 0x00000000f5580000)
  object space 114688K, 32% used [0x00000000e0000000,0x00000000e23f8d78,0x00000000e7000000)
 Metaspace       used 78484K, capacity 85028K, committed 85376K, reserved 1122304K
  class space    used 9469K, capacity 11559K, committed 11648K, reserved 1048576K
Event: 13039.742 GC heap after
Heap after GC invocations=48 (full 19):
 PSYoungGen      total 90624K, used 0K [0x00000000f5580000, 0x00000000fca80000, 0x0000000100000000)
  eden space 90112K, 0% used [0x00000000f5580000,0x00000000f5580000,0x00000000fad80000)
  from space 512K, 0% used [0x00000000fad80000,0x00000000fad80000,0x00000000fae00000)
  to   space 14848K, 0% used [0x00000000fbc00000,0x00000000fbc00000,0x00000000fca80000)
 ParOldGen       total 114688K, used 36705K [0x00000000e0000000, 0x00000000e7000000, 0x00000000f5580000)
  object space 114688K, 32% used [0x00000000e0000000,0x00000000e23d85f0,0x00000000e7000000)
 Metaspace       used 78484K, capacity 85028K, committed 85376K, reserved 1122304K
  class space    used 9469K, capacity 11559K, committed 11648K, reserved 1048576K
}
Event: 13099.598 GC heap before
{Heap before GC invocations=49 (full 19):
 PSYoungGen      total 90624K, used 3173K [0x00000000f5580000, 0x00000000fca80000, 0x0000000100000000)
  eden space 90112K, 3% used [0x00000000f5580000,0x00000000f5899420,0x00000000fad80000)
  from space 512K, 0% used [0x00000000fad80000,0x00000000fad80000,0x00000000fae00000)
  to   space 14848K, 0% used [0x00000000fbc00000,0x00000000fbc00000,0x00000000fca80000)
 ParOldGen       total 114688K, used 36705K [0x00000000e0000000, 0x00000000e7000000, 0x00000000f5580000)
  object space 114688K, 32% used [0x00000000e0000000,0x00000000e23d85f0,0x00000000e7000000)
 Metaspace       used 78486K, capacity 85028K, committed 85376K, reserved 1122304K
  class space    used 9469K, capacity 11559K, committed 11648K, reserved 1048576K
Event: 13099.605 GC heap after
Heap after GC invocations=49 (full 19):
 PSYoungGen      total 103936K, used 128K [0x00000000f5580000, 0x00000000fc980000, 0x0000000100000000)
  eden space 90112K, 0% used [0x00000000f5580000,0x00000000f5580000,0x00000000fad80000)
  from space 13824K, 0% used [0x00000000fbc00000,0x00000000fbc20000,0x00000000fc980000)
  to   space 14336K, 0% used [0x00000000fad80000,0x00000000fad80000,0x00000000fbb80000)
 ParOldGen       total 114688K, used 36705K [0x00000000e0000000, 0x00000000e7000000, 0x00000000f5580000)
  object space 114688K, 32% used [0x00000000e0000000,0x00000000e23d85f0,0x00000000e7000000)
 Metaspace       used 78486K, capacity 85028K, committed 85376K, reserved 1122304K
  class space    used 9469K, capacity 11559K, committed 11648K, reserved 1048576K
}
Event: 13099.605 GC heap before
{Heap before GC invocations=50 (full 20):
 PSYoungGen      total 103936K, used 128K [0x00000000f5580000, 0x00000000fc980000, 0x0000000100000000)
  eden space 90112K, 0% used [0x00000000f5580000,0x00000000f5580000,0x00000000fad80000)
  from space 13824K, 0% used [0x00000000fbc00000,0x00000000fbc20000,0x00000000fc980000)
  to   space 14336K, 0% used [0x00000000fad80000,0x00000000fad80000,0x00000000fbb80000)
 ParOldGen       total 114688K, used 36705K [0x00000000e0000000, 0x00000000e7000000, 0x00000000f5580000)
  object space 114688K, 32% used [0x00000000e0000000,0x00000000e23d85f0,0x00000000e7000000)
 Metaspace       used 78486K, capacity 85028K, committed 85376K, reserved 1122304K
  class space    used 9469K, capacity 11559K, committed 11648K, reserved 1048576K
Event: 13099.779 GC heap after
Heap after GC invocations=50 (full 20):
 PSYoungGen      total 103936K, used 0K [0x00000000f5580000, 0x00000000fc980000, 0x0000000100000000)
  eden space 90112K, 0% used [0x00000000f5580000,0x00000000f5580000,0x00000000fad80000)
  from space 13824K, 0% used [0x00000000fbc00000,0x00000000fbc00000,0x00000000fc980000)
  to   space 14336K, 0% used [0x00000000fad80000,0x00000000fad80000,0x00000000fbb80000)
 ParOldGen       total 114688K, used 36705K [0x00000000e0000000, 0x00000000e7000000, 0x00000000f5580000)
  object space 114688K, 32% used [0x00000000e0000000,0x00000000e23d85f0,0x00000000e7000000)
 Metaspace       used 78486K, capacity 85028K, committed 85376K, reserved 1122304K
  class space    used 9469K, capacity 11559K, committed 11648K, reserved 1048576K
}

